[1.562s] Invoking command in '/home/ubu/listener_ws/src/mrs_package': PYTHONPATH=/home/ubu/listener_ws/build/mrs_package/prefix_override:/usr/lib/python3/dist-packages/colcon_core/task/python/colcon_distutils_commands:/home/ubu/listener_ws/install/mrs_package/lib/python3.10/site-packages:${PYTHONPATH} /usr/bin/python3 -W ignore:setup.py install is deprecated setup.py egg_info --egg-base ../../build/mrs_package build --build-base /home/ubu/listener_ws/build/mrs_package/build install --record /home/ubu/listener_ws/build/mrs_package/install.log --single-version-externally-managed install_data
[1.991s] running egg_info
[1.992s] creating ../../build/mrs_package/mrs_package.egg-info
[1.992s] writing ../../build/mrs_package/mrs_package.egg-info/PKG-INFO
[1.993s] writing dependency_links to ../../build/mrs_package/mrs_package.egg-info/dependency_links.txt
[1.993s] writing entry points to ../../build/mrs_package/mrs_package.egg-info/entry_points.txt
[1.994s] writing requirements to ../../build/mrs_package/mrs_package.egg-info/requires.txt
[1.994s] writing top-level names to ../../build/mrs_package/mrs_package.egg-info/top_level.txt
[1.998s] writing manifest file '../../build/mrs_package/mrs_package.egg-info/SOURCES.txt'
[2.001s] reading manifest file '../../build/mrs_package/mrs_package.egg-info/SOURCES.txt'
[2.001s] adding license file 'LICENSE'
[2.002s] writing manifest file '../../build/mrs_package/mrs_package.egg-info/SOURCES.txt'
[2.003s] running build
[2.003s] running build_py
[2.003s] creating /home/ubu/listener_ws/build/mrs_package/build
[2.004s] creating /home/ubu/listener_ws/build/mrs_package/build/lib
[2.004s] creating /home/ubu/listener_ws/build/mrs_package/build/lib/mrs_package
[2.004s] copying mrs_package/__init__.py -> /home/ubu/listener_ws/build/mrs_package/build/lib/mrs_package
[2.004s] copying mrs_package/mrs_teleop_ROS2.py -> /home/ubu/listener_ws/build/mrs_package/build/lib/mrs_package
[2.004s] running install
[2.005s] running install_lib
[2.005s] creating /home/ubu/listener_ws/install/mrs_package/lib/python3.10/site-packages/mrs_package
[2.006s] copying /home/ubu/listener_ws/build/mrs_package/build/lib/mrs_package/__init__.py -> /home/ubu/listener_ws/install/mrs_package/lib/python3.10/site-packages/mrs_package
[2.006s] copying /home/ubu/listener_ws/build/mrs_package/build/lib/mrs_package/mrs_teleop_ROS2.py -> /home/ubu/listener_ws/install/mrs_package/lib/python3.10/site-packages/mrs_package
[2.007s] byte-compiling /home/ubu/listener_ws/install/mrs_package/lib/python3.10/site-packages/mrs_package/__init__.py to __init__.cpython-310.pyc
[2.008s] byte-compiling /home/ubu/listener_ws/install/mrs_package/lib/python3.10/site-packages/mrs_package/mrs_teleop_ROS2.py to mrs_teleop_ROS2.cpython-310.pyc
[2.009s] running install_data
[2.009s] copying resource/mrs_package -> /home/ubu/listener_ws/install/mrs_package/share/ament_index/resource_index/packages
[2.009s] copying package.xml -> /home/ubu/listener_ws/install/mrs_package/share/mrs_package
[2.009s] running install_egg_info
[2.012s] Copying ../../build/mrs_package/mrs_package.egg-info to /home/ubu/listener_ws/install/mrs_package/lib/python3.10/site-packages/mrs_package-0.0.0-py3.10.egg-info
[2.014s] running install_scripts
[2.051s] Installing mrs_teleop_ROS2 script to /home/ubu/listener_ws/install/mrs_package/lib/mrs_package
[2.052s] writing list of installed files to '/home/ubu/listener_ws/build/mrs_package/install.log'
[2.145s] Invoked command in '/home/ubu/listener_ws/src/mrs_package' returned '0': PYTHONPATH=/home/ubu/listener_ws/build/mrs_package/prefix_override:/usr/lib/python3/dist-packages/colcon_core/task/python/colcon_distutils_commands:/home/ubu/listener_ws/install/mrs_package/lib/python3.10/site-packages:${PYTHONPATH} /usr/bin/python3 -W ignore:setup.py install is deprecated setup.py egg_info --egg-base ../../build/mrs_package build --build-base /home/ubu/listener_ws/build/mrs_package/build install --record /home/ubu/listener_ws/build/mrs_package/install.log --single-version-externally-managed install_data
