[0.025s] Invoking command in '/home/ubu/listener_ws/build/my_package': CMAKE_PREFIX_PATH=${CMAKE_PREFIX_PATH}:/home/ubu/turtlebot3_ws/install/turtlebot3_teleop:/home/ubu/turtlebot3_ws/install/turtlebot3_example:/opt/ros/humble /usr/bin/cmake /home/ubu/listener_ws/src/my_package -DCMAKE_INSTALL_PREFIX=/home/ubu/listener_ws/install/my_package
[0.109s] -- The C compiler identification is GNU 11.4.0
[0.200s] -- The CXX compiler identification is GNU 11.4.0
[0.219s] -- Detecting C compiler ABI info
[0.348s] -- Detecting C compiler ABI info - done
[0.373s] -- Check for working C compiler: /usr/bin/cc - skipped
[0.374s] -- Detecting C compile features
[0.375s] -- Detecting C compile features - done
[0.386s] -- Detecting CXX compiler ABI info
[0.534s] -- Detecting CXX compiler ABI info - done
[0.559s] -- Check for working CXX compiler: /usr/bin/c++ - skipped
[0.560s] -- Detecting CXX compile features
[0.561s] -- Detecting CXX compile features - done
[0.571s] -- Found ament_cmake: 1.3.10 (/opt/ros/humble/share/ament_cmake/cmake)
[0.854s] -- Found Python3: /usr/bin/python3 (found version "3.10.12") found components: Interpreter 
[1.066s] -- Found ament_lint_auto: 0.12.11 (/opt/ros/humble/share/ament_lint_auto/cmake)
[1.229s] -- Added test 'cppcheck' to perform static code analysis on C / C++ code
[1.229s] -- Configured cppcheck include dirs: $<BUILD_INTERFACE:/home/ubu/listener_ws/src/my_package/include>
[1.229s] -- Configured cppcheck exclude dirs and/or files: 
[1.231s] -- Added test 'lint_cmake' to check CMake code style
[1.233s] -- Added test 'uncrustify' to check C / C++ code style
[1.233s] -- Configured uncrustify additional arguments: 
[1.235s] -- Added test 'xmllint' to check XML markup files
[1.238s] -- Configuring done
[1.247s] -- Generating done
[1.248s] -- Build files have been written to: /home/ubu/listener_ws/build/my_package
[1.257s] Invoked command in '/home/ubu/listener_ws/build/my_package' returned '0': CMAKE_PREFIX_PATH=${CMAKE_PREFIX_PATH}:/home/ubu/turtlebot3_ws/install/turtlebot3_teleop:/home/ubu/turtlebot3_ws/install/turtlebot3_example:/opt/ros/humble /usr/bin/cmake /home/ubu/listener_ws/src/my_package -DCMAKE_INSTALL_PREFIX=/home/ubu/listener_ws/install/my_package
[1.261s] Invoking command in '/home/ubu/listener_ws/build/my_package': CMAKE_PREFIX_PATH=${CMAKE_PREFIX_PATH}:/home/ubu/turtlebot3_ws/install/turtlebot3_teleop:/home/ubu/turtlebot3_ws/install/turtlebot3_example:/opt/ros/humble /usr/bin/cmake --build /home/ubu/listener_ws/build/my_package -- -j8 -l8
[1.344s] [ 50%] [32mBuilding CXX object CMakeFiles/my_node.dir/src/my_node.cpp.o[0m
[1.420s] [100%] [32m[1mLinking CXX executable my_node[0m
[1.495s] [100%] Built target my_node
[1.514s] Invoked command in '/home/ubu/listener_ws/build/my_package' returned '0': CMAKE_PREFIX_PATH=${CMAKE_PREFIX_PATH}:/home/ubu/turtlebot3_ws/install/turtlebot3_teleop:/home/ubu/turtlebot3_ws/install/turtlebot3_example:/opt/ros/humble /usr/bin/cmake --build /home/ubu/listener_ws/build/my_package -- -j8 -l8
[1.556s] Invoking command in '/home/ubu/listener_ws/build/my_package': CMAKE_PREFIX_PATH=${CMAKE_PREFIX_PATH}:/home/ubu/turtlebot3_ws/install/turtlebot3_teleop:/home/ubu/turtlebot3_ws/install/turtlebot3_example:/opt/ros/humble /usr/bin/cmake --install /home/ubu/listener_ws/build/my_package
[1.570s] -- Install configuration: ""
[1.571s] -- Installing: /home/ubu/listener_ws/install/my_package/lib/my_package/my_node
[1.571s] -- Installing: /home/ubu/listener_ws/install/my_package/share/ament_index/resource_index/package_run_dependencies/my_package
[1.571s] -- Installing: /home/ubu/listener_ws/install/my_package/share/ament_index/resource_index/parent_prefix_path/my_package
[1.572s] -- Installing: /home/ubu/listener_ws/install/my_package/share/my_package/environment/ament_prefix_path.sh
[1.572s] -- Installing: /home/ubu/listener_ws/install/my_package/share/my_package/environment/ament_prefix_path.dsv
[1.572s] -- Installing: /home/ubu/listener_ws/install/my_package/share/my_package/environment/path.sh
[1.572s] -- Installing: /home/ubu/listener_ws/install/my_package/share/my_package/environment/path.dsv
[1.573s] -- Installing: /home/ubu/listener_ws/install/my_package/share/my_package/local_setup.bash
[1.573s] -- Installing: /home/ubu/listener_ws/install/my_package/share/my_package/local_setup.sh
[1.573s] -- Installing: /home/ubu/listener_ws/install/my_package/share/my_package/local_setup.zsh
[1.573s] -- Installing: /home/ubu/listener_ws/install/my_package/share/my_package/local_setup.dsv
[1.574s] -- Installing: /home/ubu/listener_ws/install/my_package/share/my_package/package.dsv
[1.574s] -- Installing: /home/ubu/listener_ws/install/my_package/share/ament_index/resource_index/packages/my_package
[1.574s] -- Installing: /home/ubu/listener_ws/install/my_package/share/my_package/cmake/my_packageConfig.cmake
[1.574s] -- Installing: /home/ubu/listener_ws/install/my_package/share/my_package/cmake/my_packageConfig-version.cmake
[1.575s] -- Installing: /home/ubu/listener_ws/install/my_package/share/my_package/package.xml
[1.578s] Invoked command in '/home/ubu/listener_ws/build/my_package' returned '0': CMAKE_PREFIX_PATH=${CMAKE_PREFIX_PATH}:/home/ubu/turtlebot3_ws/install/turtlebot3_teleop:/home/ubu/turtlebot3_ws/install/turtlebot3_example:/opt/ros/humble /usr/bin/cmake --install /home/ubu/listener_ws/build/my_package
