/home/ubu/vlm_ws/install/live_llava/lib/python3.10/site-packages/live_llava/__init__.py
/home/ubu/vlm_ws/install/live_llava/lib/python3.10/site-packages/live_llava/live_llava_pub.py
/home/ubu/vlm_ws/install/live_llava/lib/python3.10/site-packages/live_llava/live_llava_sub.py
/home/ubu/vlm_ws/install/live_llava/lib/python3.10/site-packages/live_llava/live_llava_start.py
/home/ubu/vlm_ws/install/live_llava/lib/python3.10/site-packages/live_llava/__pycache__/__init__.cpython-310.pyc
/home/ubu/vlm_ws/install/live_llava/lib/python3.10/site-packages/live_llava/__pycache__/live_llava_pub.cpython-310.pyc
/home/ubu/vlm_ws/install/live_llava/lib/python3.10/site-packages/live_llava/__pycache__/live_llava_sub.cpython-310.pyc
/home/ubu/vlm_ws/install/live_llava/lib/python3.10/site-packages/live_llava/__pycache__/live_llava_start.cpython-310.pyc
/home/ubu/vlm_ws/install/live_llava/share/ament_index/resource_index/packages/live_llava
/home/ubu/vlm_ws/install/live_llava/share/live_llava/package.xml
/home/ubu/vlm_ws/install/live_llava/lib/python3.10/site-packages/live_llava-0.0.0-py3.10.egg-info/top_level.txt
/home/ubu/vlm_ws/install/live_llava/lib/python3.10/site-packages/live_llava-0.0.0-py3.10.egg-info/dependency_links.txt
/home/ubu/vlm_ws/install/live_llava/lib/python3.10/site-packages/live_llava-0.0.0-py3.10.egg-info/PKG-INFO
/home/ubu/vlm_ws/install/live_llava/lib/python3.10/site-packages/live_llava-0.0.0-py3.10.egg-info/SOURCES.txt
/home/ubu/vlm_ws/install/live_llava/lib/python3.10/site-packages/live_llava-0.0.0-py3.10.egg-info/requires.txt
/home/ubu/vlm_ws/install/live_llava/lib/python3.10/site-packages/live_llava-0.0.0-py3.10.egg-info/zip-safe
/home/ubu/vlm_ws/install/live_llava/lib/python3.10/site-packages/live_llava-0.0.0-py3.10.egg-info/entry_points.txt
/home/ubu/vlm_ws/install/live_llava/lib/live_llava/vlm_pub
/home/ubu/vlm_ws/install/live_llava/lib/live_llava/vlm_start
/home/ubu/vlm_ws/install/live_llava/lib/live_llava/vlm_sub
