[3.872s] Invoking command in '/home/ubu/vlm_ws/src/live_llava': PYTHONPATH=/home/ubu/vlm_ws/build/live_llava/prefix_override:/usr/lib/python3/dist-packages/colcon_core/task/python/colcon_distutils_commands:/home/ubu/vlm_ws/install/live_llava/lib/python3.10/site-packages:${PYTHONPATH} /usr/bin/python3 -W ignore:setup.py install is deprecated setup.py egg_info --egg-base ../../build/live_llava build --build-base /home/ubu/vlm_ws/build/live_llava/build install --record /home/ubu/vlm_ws/build/live_llava/install.log --single-version-externally-managed install_data
[4.561s] running egg_info
[4.562s] writing ../../build/live_llava/live_llava.egg-info/PKG-INFO
[4.626s] writing dependency_links to ../../build/live_llava/live_llava.egg-info/dependency_links.txt
[4.628s] writing entry points to ../../build/live_llava/live_llava.egg-info/entry_points.txt
[4.628s] writing requirements to ../../build/live_llava/live_llava.egg-info/requires.txt
[4.628s] writing top-level names to ../../build/live_llava/live_llava.egg-info/top_level.txt
[4.633s] reading manifest file '../../build/live_llava/live_llava.egg-info/SOURCES.txt'
[4.658s] adding license file 'LICENSE'
[4.660s] writing manifest file '../../build/live_llava/live_llava.egg-info/SOURCES.txt'
[4.660s] running build
[4.660s] running build_py
[4.828s] running install
[4.828s] running install_lib
[4.841s] running install_data
[4.842s] running install_egg_info
[4.849s] removing '/home/ubu/vlm_ws/install/live_llava/lib/python3.10/site-packages/live_llava-0.0.0-py3.10.egg-info' (and everything under it)
[4.851s] Copying ../../build/live_llava/live_llava.egg-info to /home/ubu/vlm_ws/install/live_llava/lib/python3.10/site-packages/live_llava-0.0.0-py3.10.egg-info
[4.953s] running install_scripts
[5.025s] Installing vlm_dos script to /home/ubu/vlm_ws/install/live_llava/lib/live_llava
[5.025s] Installing vlm_pub script to /home/ubu/vlm_ws/install/live_llava/lib/live_llava
[5.026s] Installing vlm_start script to /home/ubu/vlm_ws/install/live_llava/lib/live_llava
[5.026s] Installing vlm_sub script to /home/ubu/vlm_ws/install/live_llava/lib/live_llava
[5.027s] writing list of installed files to '/home/ubu/vlm_ws/build/live_llava/install.log'
[5.115s] Invoked command in '/home/ubu/vlm_ws/src/live_llava' returned '0': PYTHONPATH=/home/ubu/vlm_ws/build/live_llava/prefix_override:/usr/lib/python3/dist-packages/colcon_core/task/python/colcon_distutils_commands:/home/ubu/vlm_ws/install/live_llava/lib/python3.10/site-packages:${PYTHONPATH} /usr/bin/python3 -W ignore:setup.py install is deprecated setup.py egg_info --egg-base ../../build/live_llava build --build-base /home/ubu/vlm_ws/build/live_llava/build install --record /home/ubu/vlm_ws/build/live_llava/install.log --single-version-externally-managed install_data
