[1.387s] Invoking command in '/home/ubu/vlm_ws/src/live_llava': PYTHONPATH=/home/ubu/vlm_ws/build/live_llava/prefix_override:/usr/lib/python3/dist-packages/colcon_core/task/python/colcon_distutils_commands:/home/ubu/vlm_ws/install/live_llava/lib/python3.10/site-packages:${PYTHONPATH} /usr/bin/python3 -W ignore:setup.py install is deprecated setup.py egg_info --egg-base ../../build/live_llava build --build-base /home/ubu/vlm_ws/build/live_llava/build install --record /home/ubu/vlm_ws/build/live_llava/install.log --single-version-externally-managed install_data
[1.929s] running egg_info
[1.931s] writing ../../build/live_llava/live_llava.egg-info/PKG-INFO
[1.931s] writing dependency_links to ../../build/live_llava/live_llava.egg-info/dependency_links.txt
[1.931s] writing entry points to ../../build/live_llava/live_llava.egg-info/entry_points.txt
[1.932s] writing requirements to ../../build/live_llava/live_llava.egg-info/requires.txt
[1.932s] writing top-level names to ../../build/live_llava/live_llava.egg-info/top_level.txt
[1.936s] reading manifest file '../../build/live_llava/live_llava.egg-info/SOURCES.txt'
[1.936s] adding license file 'LICENSE'
[1.938s] writing manifest file '../../build/live_llava/live_llava.egg-info/SOURCES.txt'
[1.938s] running build
[1.938s] running build_py
[1.939s] running install
[1.939s] running install_lib
[1.942s] running install_data
[1.943s] running install_egg_info
[1.946s] removing '/home/ubu/vlm_ws/install/live_llava/lib/python3.10/site-packages/live_llava-0.0.0-py3.10.egg-info' (and everything under it)
[1.947s] Copying ../../build/live_llava/live_llava.egg-info to /home/ubu/vlm_ws/install/live_llava/lib/python3.10/site-packages/live_llava-0.0.0-py3.10.egg-info
[1.949s] running install_scripts
[1.992s] Installing vlm_dos script to /home/ubu/vlm_ws/install/live_llava/lib/live_llava
[1.993s] Installing vlm_pub script to /home/ubu/vlm_ws/install/live_llava/lib/live_llava
[1.993s] Installing vlm_start script to /home/ubu/vlm_ws/install/live_llava/lib/live_llava
[1.993s] Installing vlm_sub script to /home/ubu/vlm_ws/install/live_llava/lib/live_llava
[1.994s] writing list of installed files to '/home/ubu/vlm_ws/build/live_llava/install.log'
[2.061s] Invoked command in '/home/ubu/vlm_ws/src/live_llava' returned '0': PYTHONPATH=/home/ubu/vlm_ws/build/live_llava/prefix_override:/usr/lib/python3/dist-packages/colcon_core/task/python/colcon_distutils_commands:/home/ubu/vlm_ws/install/live_llava/lib/python3.10/site-packages:${PYTHONPATH} /usr/bin/python3 -W ignore:setup.py install is deprecated setup.py egg_info --egg-base ../../build/live_llava build --build-base /home/ubu/vlm_ws/build/live_llava/build install --record /home/ubu/vlm_ws/build/live_llava/install.log --single-version-externally-managed install_data
