[1.210s] Invoking command in '/home/ubu/ros2_caffe/src/py_pubsub': PYTHONPATH=/home/ubu/ros2_caffe/build/py_pubsub/prefix_override:/usr/lib/python3/dist-packages/colcon_core/task/python/colcon_distutils_commands:/home/ubu/ros2_caffe/install/py_pubsub/lib/python3.10/site-packages:${PYTHONPATH} /usr/bin/python3 -W ignore:setup.py install is deprecated setup.py egg_info --egg-base ../../build/py_pubsub build --build-base /home/ubu/ros2_caffe/build/py_pubsub/build install --record /home/ubu/ros2_caffe/build/py_pubsub/install.log --single-version-externally-managed install_data
[1.677s] running egg_info
[1.679s] writing ../../build/py_pubsub/py_pubsub.egg-info/PKG-INFO
[1.680s] writing dependency_links to ../../build/py_pubsub/py_pubsub.egg-info/dependency_links.txt
[1.680s] writing entry points to ../../build/py_pubsub/py_pubsub.egg-info/entry_points.txt
[1.680s] writing requirements to ../../build/py_pubsub/py_pubsub.egg-info/requires.txt
[1.681s] writing top-level names to ../../build/py_pubsub/py_pubsub.egg-info/top_level.txt
[1.684s] reading manifest file '../../build/py_pubsub/py_pubsub.egg-info/SOURCES.txt'
[1.686s] writing manifest file '../../build/py_pubsub/py_pubsub.egg-info/SOURCES.txt'
[1.686s] running build
[1.686s] running build_py
[1.686s] copying py_pubsub/caffe.py -> /home/ubu/ros2_caffe/build/py_pubsub/build/lib/py_pubsub
[1.687s] running install
[1.687s] running install_lib
[1.689s] copying /home/ubu/ros2_caffe/build/py_pubsub/build/lib/py_pubsub/caffe.py -> /home/ubu/ros2_caffe/install/py_pubsub/lib/python3.10/site-packages/py_pubsub
[1.690s] byte-compiling /home/ubu/ros2_caffe/install/py_pubsub/lib/python3.10/site-packages/py_pubsub/caffe.py to caffe.cpython-310.pyc
[1.692s] running install_data
[1.692s] running install_egg_info
[1.697s] removing '/home/ubu/ros2_caffe/install/py_pubsub/lib/python3.10/site-packages/py_pubsub-0.0.0-py3.10.egg-info' (and everything under it)
[1.698s] Copying ../../build/py_pubsub/py_pubsub.egg-info to /home/ubu/ros2_caffe/install/py_pubsub/lib/python3.10/site-packages/py_pubsub-0.0.0-py3.10.egg-info
[1.700s] running install_scripts
[1.737s] Installing listener script to /home/ubu/ros2_caffe/install/py_pubsub/lib/py_pubsub
[1.737s] Installing talker script to /home/ubu/ros2_caffe/install/py_pubsub/lib/py_pubsub
[1.738s] writing list of installed files to '/home/ubu/ros2_caffe/build/py_pubsub/install.log'
[1.802s] Invoked command in '/home/ubu/ros2_caffe/src/py_pubsub' returned '0': PYTHONPATH=/home/ubu/ros2_caffe/build/py_pubsub/prefix_override:/usr/lib/python3/dist-packages/colcon_core/task/python/colcon_distutils_commands:/home/ubu/ros2_caffe/install/py_pubsub/lib/python3.10/site-packages:${PYTHONPATH} /usr/bin/python3 -W ignore:setup.py install is deprecated setup.py egg_info --egg-base ../../build/py_pubsub build --build-base /home/ubu/ros2_caffe/build/py_pubsub/build install --record /home/ubu/ros2_caffe/build/py_pubsub/install.log --single-version-externally-managed install_data
