running egg_info
writing ../../build/live_llava/live_llava.egg-info/PKG-INFO
writing dependency_links to ../../build/live_llava/live_llava.egg-info/dependency_links.txt
writing entry points to ../../build/live_llava/live_llava.egg-info/entry_points.txt
writing requirements to ../../build/live_llava/live_llava.egg-info/requires.txt
writing top-level names to ../../build/live_llava/live_llava.egg-info/top_level.txt
reading manifest file '../../build/live_llava/live_llava.egg-info/SOURCES.txt'
adding license file 'LICENSE'
writing manifest file '../../build/live_llava/live_llava.egg-info/SOURCES.txt'
running build
running build_py
copying live_llava/live_llava_dos.py -> /home/ubu/vlm_ws/build/live_llava/build/lib/live_llava
copying live_llava/live_llava_start.py -> /home/ubu/vlm_ws/build/live_llava/build/lib/live_llava
running install
running install_lib
copying /home/ubu/vlm_ws/build/live_llava/build/lib/live_llava/live_llava_dos.py -> /home/ubu/vlm_ws/install/live_llava/lib/python3.10/site-packages/live_llava
copying /home/ubu/vlm_ws/build/live_llava/build/lib/live_llava/live_llava_start.py -> /home/ubu/vlm_ws/install/live_llava/lib/python3.10/site-packages/live_llava
byte-compiling /home/ubu/vlm_ws/install/live_llava/lib/python3.10/site-packages/live_llava/live_llava_dos.py to live_llava_dos.cpython-310.pyc
byte-compiling /home/ubu/vlm_ws/install/live_llava/lib/python3.10/site-packages/live_llava/live_llava_start.py to live_llava_start.cpython-310.pyc
running install_data
running install_egg_info
removing '/home/ubu/vlm_ws/install/live_llava/lib/python3.10/site-packages/live_llava-0.0.0-py3.10.egg-info' (and everything under it)
Copying ../../build/live_llava/live_llava.egg-info to /home/ubu/vlm_ws/install/live_llava/lib/python3.10/site-packages/live_llava-0.0.0-py3.10.egg-info
running install_scripts
Installing vlm_pub script to /home/ubu/vlm_ws/install/live_llava/lib/live_llava
Installing vlm_start script to /home/ubu/vlm_ws/install/live_llava/lib/live_llava
Installing vlm_sub script to /home/ubu/vlm_ws/install/live_llava/lib/live_llava
writing list of installed files to '/home/ubu/vlm_ws/build/live_llava/install.log'
