[1.458s] Invoking command in '/home/ubu/vlm_ws/src/live_llava': PYTHONPATH=/home/ubu/vlm_ws/build/live_llava/prefix_override:/usr/lib/python3/dist-packages/colcon_core/task/python/colcon_distutils_commands:/home/ubu/vlm_ws/install/live_llava/lib/python3.10/site-packages:${PYTHONPATH} /usr/bin/python3 -W ignore:setup.py install is deprecated setup.py egg_info --egg-base ../../build/live_llava build --build-base /home/ubu/vlm_ws/build/live_llava/build install --record /home/ubu/vlm_ws/build/live_llava/install.log --single-version-externally-managed install_data
[1.999s] running egg_info
[2.001s] writing ../../build/live_llava/live_llava.egg-info/PKG-INFO
[2.006s] writing dependency_links to ../../build/live_llava/live_llava.egg-info/dependency_links.txt
[2.006s] writing entry points to ../../build/live_llava/live_llava.egg-info/entry_points.txt
[2.007s] writing requirements to ../../build/live_llava/live_llava.egg-info/requires.txt
[2.007s] writing top-level names to ../../build/live_llava/live_llava.egg-info/top_level.txt
[2.011s] reading manifest file '../../build/live_llava/live_llava.egg-info/SOURCES.txt'
[2.012s] adding license file 'LICENSE'
[2.013s] writing manifest file '../../build/live_llava/live_llava.egg-info/SOURCES.txt'
[2.013s] running build
[2.013s] running build_py
[2.015s] copying live_llava/live_llava_dos.py -> /home/ubu/vlm_ws/build/live_llava/build/lib/live_llava
[2.015s] copying live_llava/live_llava_start.py -> /home/ubu/vlm_ws/build/live_llava/build/lib/live_llava
[2.016s] running install
[2.016s] running install_lib
[2.018s] copying /home/ubu/vlm_ws/build/live_llava/build/lib/live_llava/live_llava_dos.py -> /home/ubu/vlm_ws/install/live_llava/lib/python3.10/site-packages/live_llava
[2.019s] copying /home/ubu/vlm_ws/build/live_llava/build/lib/live_llava/live_llava_start.py -> /home/ubu/vlm_ws/install/live_llava/lib/python3.10/site-packages/live_llava
[2.020s] byte-compiling /home/ubu/vlm_ws/install/live_llava/lib/python3.10/site-packages/live_llava/live_llava_dos.py to live_llava_dos.cpython-310.pyc
[2.021s] byte-compiling /home/ubu/vlm_ws/install/live_llava/lib/python3.10/site-packages/live_llava/live_llava_start.py to live_llava_start.cpython-310.pyc
[2.022s] running install_data
[2.023s] running install_egg_info
[2.027s] removing '/home/ubu/vlm_ws/install/live_llava/lib/python3.10/site-packages/live_llava-0.0.0-py3.10.egg-info' (and everything under it)
[2.028s] Copying ../../build/live_llava/live_llava.egg-info to /home/ubu/vlm_ws/install/live_llava/lib/python3.10/site-packages/live_llava-0.0.0-py3.10.egg-info
[2.030s] running install_scripts
[2.073s] Installing vlm_pub script to /home/ubu/vlm_ws/install/live_llava/lib/live_llava
[2.074s] Installing vlm_start script to /home/ubu/vlm_ws/install/live_llava/lib/live_llava
[2.074s] Installing vlm_sub script to /home/ubu/vlm_ws/install/live_llava/lib/live_llava
[2.075s] writing list of installed files to '/home/ubu/vlm_ws/build/live_llava/install.log'
[2.141s] Invoked command in '/home/ubu/vlm_ws/src/live_llava' returned '0': PYTHONPATH=/home/ubu/vlm_ws/build/live_llava/prefix_override:/usr/lib/python3/dist-packages/colcon_core/task/python/colcon_distutils_commands:/home/ubu/vlm_ws/install/live_llava/lib/python3.10/site-packages:${PYTHONPATH} /usr/bin/python3 -W ignore:setup.py install is deprecated setup.py egg_info --egg-base ../../build/live_llava build --build-base /home/ubu/vlm_ws/build/live_llava/build install --record /home/ubu/vlm_ws/build/live_llava/install.log --single-version-externally-managed install_data
