running egg_info
creating ../../build/live_llava/live_llava.egg-info
writing ../../build/live_llava/live_llava.egg-info/PKG-INFO
writing dependency_links to ../../build/live_llava/live_llava.egg-info/dependency_links.txt
writing entry points to ../../build/live_llava/live_llava.egg-info/entry_points.txt
writing requirements to ../../build/live_llava/live_llava.egg-info/requires.txt
writing top-level names to ../../build/live_llava/live_llava.egg-info/top_level.txt
writing manifest file '../../build/live_llava/live_llava.egg-info/SOURCES.txt'
reading manifest file '../../build/live_llava/live_llava.egg-info/SOURCES.txt'
adding license file 'LICENSE'
writing manifest file '../../build/live_llava/live_llava.egg-info/SOURCES.txt'
running build
running build_py
creating /home/ubu/vlm_ws/build/live_llava/build
creating /home/ubu/vlm_ws/build/live_llava/build/lib
creating /home/ubu/vlm_ws/build/live_llava/build/lib/live_llava
copying live_llava/__init__.py -> /home/ubu/vlm_ws/build/live_llava/build/lib/live_llava
running install
running install_lib
creating /home/ubu/vlm_ws/install/live_llava/lib/python3.10/site-packages/live_llava
copying /home/ubu/vlm_ws/build/live_llava/build/lib/live_llava/__init__.py -> /home/ubu/vlm_ws/install/live_llava/lib/python3.10/site-packages/live_llava
byte-compiling /home/ubu/vlm_ws/install/live_llava/lib/python3.10/site-packages/live_llava/__init__.py to __init__.cpython-310.pyc
running install_data
creating /home/ubu/vlm_ws/install/live_llava/share/ament_index
creating /home/ubu/vlm_ws/install/live_llava/share/ament_index/resource_index
creating /home/ubu/vlm_ws/install/live_llava/share/ament_index/resource_index/packages
copying resource/live_llava -> /home/ubu/vlm_ws/install/live_llava/share/ament_index/resource_index/packages
copying package.xml -> /home/ubu/vlm_ws/install/live_llava/share/live_llava
running install_egg_info
Copying ../../build/live_llava/live_llava.egg-info to /home/ubu/vlm_ws/install/live_llava/lib/python3.10/site-packages/live_llava-0.0.0-py3.10.egg-info
running install_scripts
writing list of installed files to '/home/ubu/vlm_ws/build/live_llava/install.log'
