[1.640s] Invoking command in '/home/ubu/shape_ws/build/py_pubsub': PYTHONPATH=/home/ubu/shape_ws/build/py_pubsub/prefix_override:/usr/lib/python3/dist-packages/colcon_core/task/python/colcon_distutils_commands:/home/ubu/shape_ws/install/py_pubsub/lib/python3.10/site-packages:${PYTHONPATH} /usr/bin/python3 -W ignore:setup.py install is deprecated -W ignore:easy_install command is deprecated setup.py develop --uninstall --editable --build-directory /home/ubu/shape_ws/build/py_pubsub/build
[2.321s] running develop
[2.817s] Removing /home/ubu/shape_ws/install/py_pubsub/lib/python3.10/site-packages/py-pubsub.egg-link (link to .)
[2.891s] Invoked command in '/home/ubu/shape_ws/build/py_pubsub' returned '0': PYTHONPATH=/home/ubu/shape_ws/build/py_pubsub/prefix_override:/usr/lib/python3/dist-packages/colcon_core/task/python/colcon_distutils_commands:/home/ubu/shape_ws/install/py_pubsub/lib/python3.10/site-packages:${PYTHONPATH} /usr/bin/python3 -W ignore:setup.py install is deprecated -W ignore:easy_install command is deprecated setup.py develop --uninstall --editable --build-directory /home/ubu/shape_ws/build/py_pubsub/build
[2.896s] Invoking command in '/home/ubu/shape_ws/src/py_pubsub': PYTHONPATH=/home/ubu/shape_ws/build/py_pubsub/prefix_override:/usr/lib/python3/dist-packages/colcon_core/task/python/colcon_distutils_commands:/home/ubu/shape_ws/install/py_pubsub/lib/python3.10/site-packages:${PYTHONPATH} /usr/bin/python3 -W ignore:setup.py install is deprecated -W ignore:easy_install command is deprecated setup.py egg_info --egg-base ../../build/py_pubsub build --build-base /home/ubu/shape_ws/build/py_pubsub/build install --record /home/ubu/shape_ws/build/py_pubsub/install.log --single-version-externally-managed install_data --force
[3.523s] running egg_info
[3.524s] writing ../../build/py_pubsub/py_pubsub.egg-info/PKG-INFO
[3.525s] writing dependency_links to ../../build/py_pubsub/py_pubsub.egg-info/dependency_links.txt
[3.525s] writing entry points to ../../build/py_pubsub/py_pubsub.egg-info/entry_points.txt
[3.525s] writing requirements to ../../build/py_pubsub/py_pubsub.egg-info/requires.txt
[3.526s] writing top-level names to ../../build/py_pubsub/py_pubsub.egg-info/top_level.txt
[3.530s] reading manifest file '../../build/py_pubsub/py_pubsub.egg-info/SOURCES.txt'
[3.532s] writing manifest file '../../build/py_pubsub/py_pubsub.egg-info/SOURCES.txt'
[3.532s] running build
[3.532s] running build_py
[3.533s] copying py_pubsub/socketSub.py -> /home/ubu/shape_ws/build/py_pubsub/build/lib/py_pubsub
[3.534s] running install
[3.534s] running install_lib
[3.536s] creating /home/ubu/shape_ws/install/py_pubsub/lib/python3.10/site-packages/py_pubsub
[3.537s] copying /home/ubu/shape_ws/build/py_pubsub/build/lib/py_pubsub/__init__.py -> /home/ubu/shape_ws/install/py_pubsub/lib/python3.10/site-packages/py_pubsub
[3.537s] copying /home/ubu/shape_ws/build/py_pubsub/build/lib/py_pubsub/socketPub.py -> /home/ubu/shape_ws/install/py_pubsub/lib/python3.10/site-packages/py_pubsub
[3.538s] copying /home/ubu/shape_ws/build/py_pubsub/build/lib/py_pubsub/socketSub.py -> /home/ubu/shape_ws/install/py_pubsub/lib/python3.10/site-packages/py_pubsub
[3.539s] byte-compiling /home/ubu/shape_ws/install/py_pubsub/lib/python3.10/site-packages/py_pubsub/__init__.py to __init__.cpython-310.pyc
[3.539s] byte-compiling /home/ubu/shape_ws/install/py_pubsub/lib/python3.10/site-packages/py_pubsub/socketPub.py to socketPub.cpython-310.pyc
[3.540s] byte-compiling /home/ubu/shape_ws/install/py_pubsub/lib/python3.10/site-packages/py_pubsub/socketSub.py to socketSub.cpython-310.pyc
[3.542s] running install_data
[3.543s] copying resource/py_pubsub -> /home/ubu/shape_ws/install/py_pubsub/share/ament_index/resource_index/packages
[3.543s] copying package.xml -> /home/ubu/shape_ws/install/py_pubsub/share/py_pubsub
[3.543s] running install_egg_info
[3.548s] Copying ../../build/py_pubsub/py_pubsub.egg-info to /home/ubu/shape_ws/install/py_pubsub/lib/python3.10/site-packages/py_pubsub-0.0.0-py3.10.egg-info
[3.550s] running install_scripts
[3.596s] Installing listener script to /home/ubu/shape_ws/install/py_pubsub/lib/py_pubsub
[3.596s] Installing talker script to /home/ubu/shape_ws/install/py_pubsub/lib/py_pubsub
[3.597s] writing list of installed files to '/home/ubu/shape_ws/build/py_pubsub/install.log'
[3.662s] Invoked command in '/home/ubu/shape_ws/src/py_pubsub' returned '0': PYTHONPATH=/home/ubu/shape_ws/build/py_pubsub/prefix_override:/usr/lib/python3/dist-packages/colcon_core/task/python/colcon_distutils_commands:/home/ubu/shape_ws/install/py_pubsub/lib/python3.10/site-packages:${PYTHONPATH} /usr/bin/python3 -W ignore:setup.py install is deprecated -W ignore:easy_install command is deprecated setup.py egg_info --egg-base ../../build/py_pubsub build --build-base /home/ubu/shape_ws/build/py_pubsub/build install --record /home/ubu/shape_ws/build/py_pubsub/install.log --single-version-externally-managed install_data --force
