[1.148s] Invoking command in '/home/ubu/listener_ws/src/mrs_package': PYTHONPATH=/home/ubu/listener_ws/src/build/mrs_package/prefix_override:/usr/lib/python3/dist-packages/colcon_core/task/python/colcon_distutils_commands:/home/ubu/listener_ws/src/install/mrs_package/lib/python3.10/site-packages:${PYTHONPATH} /usr/bin/python3 -W ignore:setup.py install is deprecated setup.py egg_info --egg-base ../build/mrs_package build --build-base /home/ubu/listener_ws/src/build/mrs_package/build install --record /home/ubu/listener_ws/src/build/mrs_package/install.log --single-version-externally-managed install_data
[1.569s] running egg_info
[1.569s] creating ../build/mrs_package/mrs_package.egg-info
[1.570s] writing ../build/mrs_package/mrs_package.egg-info/PKG-INFO
[1.570s] writing dependency_links to ../build/mrs_package/mrs_package.egg-info/dependency_links.txt
[1.571s] writing entry points to ../build/mrs_package/mrs_package.egg-info/entry_points.txt
[1.571s] writing requirements to ../build/mrs_package/mrs_package.egg-info/requires.txt
[1.571s] writing top-level names to ../build/mrs_package/mrs_package.egg-info/top_level.txt
[1.572s] writing manifest file '../build/mrs_package/mrs_package.egg-info/SOURCES.txt'
[1.574s] reading manifest file '../build/mrs_package/mrs_package.egg-info/SOURCES.txt'
[1.574s] adding license file 'LICENSE'
[1.575s] writing manifest file '../build/mrs_package/mrs_package.egg-info/SOURCES.txt'
[1.575s] running build
[1.576s] running build_py
[1.576s] creating /home/ubu/listener_ws/src/build/mrs_package/build
[1.576s] creating /home/ubu/listener_ws/src/build/mrs_package/build/lib
[1.576s] creating /home/ubu/listener_ws/src/build/mrs_package/build/lib/mrs_package
[1.577s] copying mrs_package/__init__.py -> /home/ubu/listener_ws/src/build/mrs_package/build/lib/mrs_package
[1.577s] copying mrs_package/mrs_teleop_ROS2.py -> /home/ubu/listener_ws/src/build/mrs_package/build/lib/mrs_package
[1.577s] running install
[1.577s] running install_lib
[1.578s] creating /home/ubu/listener_ws/src/install/mrs_package/lib/python3.10/site-packages/mrs_package
[1.578s] copying /home/ubu/listener_ws/src/build/mrs_package/build/lib/mrs_package/__init__.py -> /home/ubu/listener_ws/src/install/mrs_package/lib/python3.10/site-packages/mrs_package
[1.579s] copying /home/ubu/listener_ws/src/build/mrs_package/build/lib/mrs_package/mrs_teleop_ROS2.py -> /home/ubu/listener_ws/src/install/mrs_package/lib/python3.10/site-packages/mrs_package
[1.579s] byte-compiling /home/ubu/listener_ws/src/install/mrs_package/lib/python3.10/site-packages/mrs_package/__init__.py to __init__.cpython-310.pyc
[1.580s] byte-compiling /home/ubu/listener_ws/src/install/mrs_package/lib/python3.10/site-packages/mrs_package/mrs_teleop_ROS2.py to mrs_teleop_ROS2.cpython-310.pyc
[1.580s] running install_data
[1.581s] creating /home/ubu/listener_ws/src/install/mrs_package/share/ament_index
[1.581s] creating /home/ubu/listener_ws/src/install/mrs_package/share/ament_index/resource_index
[1.581s] creating /home/ubu/listener_ws/src/install/mrs_package/share/ament_index/resource_index/packages
[1.582s] copying resource/mrs_package -> /home/ubu/listener_ws/src/install/mrs_package/share/ament_index/resource_index/packages
[1.582s] copying package.xml -> /home/ubu/listener_ws/src/install/mrs_package/share/mrs_package
[1.582s] running install_egg_info
[1.584s] Copying ../build/mrs_package/mrs_package.egg-info to /home/ubu/listener_ws/src/install/mrs_package/lib/python3.10/site-packages/mrs_package-0.0.0-py3.10.egg-info
[1.586s] running install_scripts
[1.621s] Installing mrs_teleop_ROS2 script to /home/ubu/listener_ws/src/install/mrs_package/lib/mrs_package
[1.622s] writing list of installed files to '/home/ubu/listener_ws/src/build/mrs_package/install.log'
[1.674s] Invoked command in '/home/ubu/listener_ws/src/mrs_package' returned '0': PYTHONPATH=/home/ubu/listener_ws/src/build/mrs_package/prefix_override:/usr/lib/python3/dist-packages/colcon_core/task/python/colcon_distutils_commands:/home/ubu/listener_ws/src/install/mrs_package/lib/python3.10/site-packages:${PYTHONPATH} /usr/bin/python3 -W ignore:setup.py install is deprecated setup.py egg_info --egg-base ../build/mrs_package build --build-base /home/ubu/listener_ws/src/build/mrs_package/build install --record /home/ubu/listener_ws/src/build/mrs_package/install.log --single-version-externally-managed install_data
