[1.551s] Invoking command in '/home/ubu/vlm_ws/src/live_llava': PYTHONPATH=/home/ubu/vlm_ws/build/live_llava/prefix_override:/usr/lib/python3/dist-packages/colcon_core/task/python/colcon_distutils_commands:/home/ubu/vlm_ws/install/live_llava/lib/python3.10/site-packages:${PYTHONPATH} /usr/bin/python3 -W ignore:setup.py install is deprecated setup.py egg_info --egg-base ../../build/live_llava build --build-base /home/ubu/vlm_ws/build/live_llava/build install --record /home/ubu/vlm_ws/build/live_llava/install.log --single-version-externally-managed install_data
[2.159s] running egg_info
[2.160s] writing ../../build/live_llava/live_llava.egg-info/PKG-INFO
[2.160s] writing dependency_links to ../../build/live_llava/live_llava.egg-info/dependency_links.txt
[2.160s] writing entry points to ../../build/live_llava/live_llava.egg-info/entry_points.txt
[2.161s] writing requirements to ../../build/live_llava/live_llava.egg-info/requires.txt
[2.161s] writing top-level names to ../../build/live_llava/live_llava.egg-info/top_level.txt
[2.165s] reading manifest file '../../build/live_llava/live_llava.egg-info/SOURCES.txt'
[2.165s] adding license file 'LICENSE'
[2.166s] writing manifest file '../../build/live_llava/live_llava.egg-info/SOURCES.txt'
[2.167s] running build
[2.167s] running build_py
[2.167s] copying live_llava/live_llava_start.py -> /home/ubu/vlm_ws/build/live_llava/build/lib/live_llava
[2.168s] running install
[2.169s] running install_lib
[2.171s] copying /home/ubu/vlm_ws/build/live_llava/build/lib/live_llava/live_llava_start.py -> /home/ubu/vlm_ws/install/live_llava/lib/python3.10/site-packages/live_llava
[2.173s] byte-compiling /home/ubu/vlm_ws/install/live_llava/lib/python3.10/site-packages/live_llava/live_llava_start.py to live_llava_start.cpython-310.pyc
[2.174s] running install_data
[2.174s] running install_egg_info
[2.178s] removing '/home/ubu/vlm_ws/install/live_llava/lib/python3.10/site-packages/live_llava-0.0.0-py3.10.egg-info' (and everything under it)
[2.178s] Copying ../../build/live_llava/live_llava.egg-info to /home/ubu/vlm_ws/install/live_llava/lib/python3.10/site-packages/live_llava-0.0.0-py3.10.egg-info
[2.180s] running install_scripts
[2.224s] Installing vlm_dos script to /home/ubu/vlm_ws/install/live_llava/lib/live_llava
[2.225s] Installing vlm_pub script to /home/ubu/vlm_ws/install/live_llava/lib/live_llava
[2.225s] Installing vlm_start script to /home/ubu/vlm_ws/install/live_llava/lib/live_llava
[2.226s] Installing vlm_sub script to /home/ubu/vlm_ws/install/live_llava/lib/live_llava
[2.226s] writing list of installed files to '/home/ubu/vlm_ws/build/live_llava/install.log'
[2.294s] Invoked command in '/home/ubu/vlm_ws/src/live_llava' returned '0': PYTHONPATH=/home/ubu/vlm_ws/build/live_llava/prefix_override:/usr/lib/python3/dist-packages/colcon_core/task/python/colcon_distutils_commands:/home/ubu/vlm_ws/install/live_llava/lib/python3.10/site-packages:${PYTHONPATH} /usr/bin/python3 -W ignore:setup.py install is deprecated setup.py egg_info --egg-base ../../build/live_llava build --build-base /home/ubu/vlm_ws/build/live_llava/build install --record /home/ubu/vlm_ws/build/live_llava/install.log --single-version-externally-managed install_data
