[0.227s] DEBUG:colcon:Command line arguments: ['/usr/bin/colcon', 'build', '--packages-select', 'live_llava']
[0.227s] DEBUG:colcon:Parsed command line arguments: Namespace(log_base=None, log_level=None, verb_name='build', build_base='build', install_base='install', merge_install=False, symlink_install=False, test_result_base=None, continue_on_error=False, executor='parallel', parallel_workers=12, event_handlers=None, ignore_user_meta=False, metas=['./colcon.meta'], base_paths=['.'], packages_ignore=None, packages_ignore_regex=None, paths=None, packages_up_to=None, packages_up_to_regex=None, packages_above=None, packages_above_and_dependencies=None, packages_above_depth=None, packages_select_by_dep=None, packages_skip_by_dep=None, packages_skip_up_to=None, packages_select_build_failed=False, packages_skip_build_finished=False, packages_select_test_failures=False, packages_skip_test_passed=False, packages_select=['live_llava'], packages_skip=None, packages_select_regex=None, packages_skip_regex=None, packages_start=None, packages_end=None, allow_overriding=[], cmake_args=None, cmake_target=None, cmake_target_skip_unavailable=False, cmake_clean_cache=False, cmake_clean_first=False, cmake_force_configure=False, ament_cmake_args=None, catkin_cmake_args=None, catkin_skip_building_tests=False, verb_parser=<colcon_defaults.argument_parser.defaults.DefaultArgumentsDecorator object at 0xffff7ef2cdc0>, verb_extension=<colcon_core.verb.build.BuildVerb object at 0xffff7ef2c850>, main=<bound method BuildVerb.main of <colcon_core.verb.build.BuildVerb object at 0xffff7ef2c850>>)
[0.604s] Level 1:colcon.colcon_core.package_discovery:discover_packages(colcon_meta) check parameters
[0.604s] Level 1:colcon.colcon_core.package_discovery:discover_packages(recursive) check parameters
[0.604s] Level 1:colcon.colcon_core.package_discovery:discover_packages(ignore) check parameters
[0.605s] Level 1:colcon.colcon_core.package_discovery:discover_packages(path) check parameters
[0.605s] Level 1:colcon.colcon_core.package_discovery:discover_packages(colcon_meta) discover
[0.605s] Level 1:colcon.colcon_core.package_discovery:discover_packages(recursive) discover
[0.605s] INFO:colcon.colcon_core.package_discovery:Crawling recursively for packages in '/home/ubu/vlm_ws'
[0.605s] Level 1:colcon.colcon_core.package_identification:_identify(.) by extensions ['ignore', 'ignore_ament_install']
[0.605s] Level 1:colcon.colcon_core.package_identification:_identify(.) by extension 'ignore'
[0.606s] Level 1:colcon.colcon_core.package_identification:_identify(.) by extension 'ignore_ament_install'
[0.606s] Level 1:colcon.colcon_core.package_identification:_identify(.) by extensions ['colcon_pkg']
[0.606s] Level 1:colcon.colcon_core.package_identification:_identify(.) by extension 'colcon_pkg'
[0.606s] Level 1:colcon.colcon_core.package_identification:_identify(.) by extensions ['colcon_meta']
[0.606s] Level 1:colcon.colcon_core.package_identification:_identify(.) by extension 'colcon_meta'
[0.606s] Level 1:colcon.colcon_core.package_identification:_identify(.) by extensions ['ros']
[0.606s] Level 1:colcon.colcon_core.package_identification:_identify(.) by extension 'ros'
[0.628s] Level 1:colcon.colcon_core.package_identification:_identify(.) by extensions ['cmake', 'python']
[0.628s] Level 1:colcon.colcon_core.package_identification:_identify(.) by extension 'cmake'
[0.628s] Level 1:colcon.colcon_core.package_identification:_identify(.) by extension 'python'
[0.628s] Level 1:colcon.colcon_core.package_identification:_identify(.) by extensions ['python_setup_py']
[0.628s] Level 1:colcon.colcon_core.package_identification:_identify(.) by extension 'python_setup_py'
[0.628s] Level 1:colcon.colcon_core.package_identification:_identify(build) by extensions ['ignore', 'ignore_ament_install']
[0.629s] Level 1:colcon.colcon_core.package_identification:_identify(build) by extension 'ignore'
[0.629s] Level 1:colcon.colcon_core.package_identification:_identify(build) ignored
[0.629s] Level 1:colcon.colcon_core.package_identification:_identify(install) by extensions ['ignore', 'ignore_ament_install']
[0.629s] Level 1:colcon.colcon_core.package_identification:_identify(install) by extension 'ignore'
[0.629s] Level 1:colcon.colcon_core.package_identification:_identify(install) ignored
[0.630s] Level 1:colcon.colcon_core.package_identification:_identify(log) by extensions ['ignore', 'ignore_ament_install']
[0.630s] Level 1:colcon.colcon_core.package_identification:_identify(log) by extension 'ignore'
[0.630s] Level 1:colcon.colcon_core.package_identification:_identify(log) ignored
[0.630s] Level 1:colcon.colcon_core.package_identification:_identify(src) by extensions ['ignore', 'ignore_ament_install']
[0.630s] Level 1:colcon.colcon_core.package_identification:_identify(src) by extension 'ignore'
[0.630s] Level 1:colcon.colcon_core.package_identification:_identify(src) by extension 'ignore_ament_install'
[0.630s] Level 1:colcon.colcon_core.package_identification:_identify(src) by extensions ['colcon_pkg']
[0.630s] Level 1:colcon.colcon_core.package_identification:_identify(src) by extension 'colcon_pkg'
[0.631s] Level 1:colcon.colcon_core.package_identification:_identify(src) by extensions ['colcon_meta']
[0.631s] Level 1:colcon.colcon_core.package_identification:_identify(src) by extension 'colcon_meta'
[0.631s] Level 1:colcon.colcon_core.package_identification:_identify(src) by extensions ['ros']
[0.631s] Level 1:colcon.colcon_core.package_identification:_identify(src) by extension 'ros'
[0.631s] Level 1:colcon.colcon_core.package_identification:_identify(src) by extensions ['cmake', 'python']
[0.631s] Level 1:colcon.colcon_core.package_identification:_identify(src) by extension 'cmake'
[0.631s] Level 1:colcon.colcon_core.package_identification:_identify(src) by extension 'python'
[0.631s] Level 1:colcon.colcon_core.package_identification:_identify(src) by extensions ['python_setup_py']
[0.631s] Level 1:colcon.colcon_core.package_identification:_identify(src) by extension 'python_setup_py'
[0.631s] Level 1:colcon.colcon_core.package_identification:_identify(src/live_llava) by extensions ['ignore', 'ignore_ament_install']
[0.632s] Level 1:colcon.colcon_core.package_identification:_identify(src/live_llava) by extension 'ignore'
[0.632s] Level 1:colcon.colcon_core.package_identification:_identify(src/live_llava) by extension 'ignore_ament_install'
[0.632s] Level 1:colcon.colcon_core.package_identification:_identify(src/live_llava) by extensions ['colcon_pkg']
[0.632s] Level 1:colcon.colcon_core.package_identification:_identify(src/live_llava) by extension 'colcon_pkg'
[0.632s] Level 1:colcon.colcon_core.package_identification:_identify(src/live_llava) by extensions ['colcon_meta']
[0.632s] Level 1:colcon.colcon_core.package_identification:_identify(src/live_llava) by extension 'colcon_meta'
[0.632s] Level 1:colcon.colcon_core.package_identification:_identify(src/live_llava) by extensions ['ros']
[0.632s] Level 1:colcon.colcon_core.package_identification:_identify(src/live_llava) by extension 'ros'
[0.637s] DEBUG:colcon.colcon_core.package_identification:Package 'src/live_llava' with type 'ros.ament_python' and name 'live_llava'
[0.637s] Level 1:colcon.colcon_core.package_discovery:discover_packages(recursive) using defaults
[0.637s] Level 1:colcon.colcon_core.package_discovery:discover_packages(ignore) discover
[0.637s] Level 1:colcon.colcon_core.package_discovery:discover_packages(ignore) using defaults
[0.637s] Level 1:colcon.colcon_core.package_discovery:discover_packages(path) discover
[0.637s] Level 1:colcon.colcon_core.package_discovery:discover_packages(path) using defaults
[0.701s] Level 1:colcon.colcon_core.package_discovery:discover_packages(prefix_path) check parameters
[0.701s] Level 1:colcon.colcon_core.package_discovery:discover_packages(prefix_path) discover
[0.705s] DEBUG:colcon.colcon_installed_package_information.package_discovery:Found 1 installed packages in /home/ubu/ros2_ws/install
[0.706s] DEBUG:colcon.colcon_installed_package_information.package_discovery:Found 7 installed packages in /home/ubu/turtlebot3_ws/install
[0.709s] DEBUG:colcon.colcon_installed_package_information.package_discovery:Found 367 installed packages in /opt/ros/humble
[0.713s] Level 1:colcon.colcon_core.package_discovery:discover_packages(prefix_path) using defaults
[0.806s] Level 5:colcon.colcon_core.verb:set package 'live_llava' build argument 'cmake_args' from command line to 'None'
[0.806s] Level 5:colcon.colcon_core.verb:set package 'live_llava' build argument 'cmake_target' from command line to 'None'
[0.806s] Level 5:colcon.colcon_core.verb:set package 'live_llava' build argument 'cmake_target_skip_unavailable' from command line to 'False'
[0.806s] Level 5:colcon.colcon_core.verb:set package 'live_llava' build argument 'cmake_clean_cache' from command line to 'False'
[0.806s] Level 5:colcon.colcon_core.verb:set package 'live_llava' build argument 'cmake_clean_first' from command line to 'False'
[0.806s] Level 5:colcon.colcon_core.verb:set package 'live_llava' build argument 'cmake_force_configure' from command line to 'False'
[0.806s] Level 5:colcon.colcon_core.verb:set package 'live_llava' build argument 'ament_cmake_args' from command line to 'None'
[0.806s] Level 5:colcon.colcon_core.verb:set package 'live_llava' build argument 'catkin_cmake_args' from command line to 'None'
[0.807s] Level 5:colcon.colcon_core.verb:set package 'live_llava' build argument 'catkin_skip_building_tests' from command line to 'False'
[0.807s] DEBUG:colcon.colcon_core.verb:Building package 'live_llava' with the following arguments: {'ament_cmake_args': None, 'build_base': '/home/ubu/vlm_ws/build/live_llava', 'catkin_cmake_args': None, 'catkin_skip_building_tests': False, 'cmake_args': None, 'cmake_clean_cache': False, 'cmake_clean_first': False, 'cmake_force_configure': False, 'cmake_target': None, 'cmake_target_skip_unavailable': False, 'install_base': '/home/ubu/vlm_ws/install/live_llava', 'merge_install': False, 'path': '/home/ubu/vlm_ws/src/live_llava', 'symlink_install': False, 'test_result_base': None}
[0.807s] INFO:colcon.colcon_core.executor:Executing jobs using 'parallel' executor
[0.809s] DEBUG:colcon.colcon_parallel_executor.executor.parallel:run_until_complete
[0.810s] INFO:colcon.colcon_ros.task.ament_python.build:Building ROS package in '/home/ubu/vlm_ws/src/live_llava' with build type 'ament_python'
[0.810s] Level 1:colcon.colcon_core.shell:create_environment_hook('live_llava', 'ament_prefix_path')
[0.814s] INFO:colcon.colcon_core.plugin_system:Skipping extension 'colcon_core.shell.bat': Not used on non-Windows systems
[0.814s] INFO:colcon.colcon_core.shell:Creating environment hook '/home/ubu/vlm_ws/install/live_llava/share/live_llava/hook/ament_prefix_path.ps1'
[0.816s] INFO:colcon.colcon_core.shell:Creating environment descriptor '/home/ubu/vlm_ws/install/live_llava/share/live_llava/hook/ament_prefix_path.dsv'
[0.817s] INFO:colcon.colcon_core.shell:Creating environment hook '/home/ubu/vlm_ws/install/live_llava/share/live_llava/hook/ament_prefix_path.sh'
[0.818s] INFO:colcon.colcon_core.shell:Skip shell extension 'powershell' for command environment: Not usable outside of PowerShell
[0.818s] DEBUG:colcon.colcon_core.shell:Skip shell extension 'dsv' for command environment
[1.401s] INFO:colcon.colcon_core.task.python.build:Building Python package in '/home/ubu/vlm_ws/src/live_llava'
[1.402s] INFO:colcon.colcon_core.shell:Skip shell extension 'powershell' for command environment: Not usable outside of PowerShell
[1.402s] DEBUG:colcon.colcon_core.shell:Skip shell extension 'dsv' for command environment
[2.127s] DEBUG:colcon.colcon_core.event_handler.log_command:Invoking command in '/home/ubu/vlm_ws/src/live_llava': PYTHONPATH=/home/ubu/vlm_ws/build/live_llava/prefix_override:/usr/lib/python3/dist-packages/colcon_core/task/python/colcon_distutils_commands:/home/ubu/vlm_ws/install/live_llava/lib/python3.10/site-packages:${PYTHONPATH} /usr/bin/python3 -W ignore:setup.py install is deprecated setup.py egg_info --egg-base ../../build/live_llava build --build-base /home/ubu/vlm_ws/build/live_llava/build install --record /home/ubu/vlm_ws/build/live_llava/install.log --single-version-externally-managed install_data
[2.755s] DEBUG:colcon.colcon_core.event_handler.log_command:Invoked command in '/home/ubu/vlm_ws/src/live_llava' returned '0': PYTHONPATH=/home/ubu/vlm_ws/build/live_llava/prefix_override:/usr/lib/python3/dist-packages/colcon_core/task/python/colcon_distutils_commands:/home/ubu/vlm_ws/install/live_llava/lib/python3.10/site-packages:${PYTHONPATH} /usr/bin/python3 -W ignore:setup.py install is deprecated setup.py egg_info --egg-base ../../build/live_llava build --build-base /home/ubu/vlm_ws/build/live_llava/build install --record /home/ubu/vlm_ws/build/live_llava/install.log --single-version-externally-managed install_data
[2.763s] Level 1:colcon.colcon_core.environment:checking '/home/ubu/vlm_ws/install/live_llava' for CMake module files
[2.765s] Level 1:colcon.colcon_core.environment:checking '/home/ubu/vlm_ws/install/live_llava' for CMake config files
[2.767s] Level 1:colcon.colcon_core.environment:checking '/home/ubu/vlm_ws/install/live_llava/lib'
[2.768s] Level 1:colcon.colcon_core.environment:checking '/home/ubu/vlm_ws/install/live_llava/bin'
[2.768s] Level 1:colcon.colcon_core.environment:checking '/home/ubu/vlm_ws/install/live_llava/lib/pkgconfig/live_llava.pc'
[2.769s] Level 1:colcon.colcon_core.environment:checking '/home/ubu/vlm_ws/install/live_llava/lib/python3.10/site-packages'
[2.769s] Level 1:colcon.colcon_core.shell:create_environment_hook('live_llava', 'pythonpath')
[2.770s] INFO:colcon.colcon_core.shell:Creating environment hook '/home/ubu/vlm_ws/install/live_llava/share/live_llava/hook/pythonpath.ps1'
[2.772s] INFO:colcon.colcon_core.shell:Creating environment descriptor '/home/ubu/vlm_ws/install/live_llava/share/live_llava/hook/pythonpath.dsv'
[2.773s] INFO:colcon.colcon_core.shell:Creating environment hook '/home/ubu/vlm_ws/install/live_llava/share/live_llava/hook/pythonpath.sh'
[2.776s] Level 1:colcon.colcon_core.environment:checking '/home/ubu/vlm_ws/install/live_llava/bin'
[2.776s] Level 1:colcon.colcon_core.environment:create_environment_scripts_only(live_llava)
[2.777s] INFO:colcon.colcon_core.shell:Creating package script '/home/ubu/vlm_ws/install/live_llava/share/live_llava/package.ps1'
[2.780s] INFO:colcon.colcon_core.shell:Creating package descriptor '/home/ubu/vlm_ws/install/live_llava/share/live_llava/package.dsv'
[2.782s] INFO:colcon.colcon_core.shell:Creating package script '/home/ubu/vlm_ws/install/live_llava/share/live_llava/package.sh'
[2.785s] INFO:colcon.colcon_core.shell:Creating package script '/home/ubu/vlm_ws/install/live_llava/share/live_llava/package.bash'
[2.788s] INFO:colcon.colcon_core.shell:Creating package script '/home/ubu/vlm_ws/install/live_llava/share/live_llava/package.zsh'
[2.791s] Level 1:colcon.colcon_core.environment:create_file_with_runtime_dependencies(/home/ubu/vlm_ws/install/live_llava/share/colcon-core/packages/live_llava)
[2.792s] DEBUG:colcon.colcon_parallel_executor.executor.parallel:closing loop
[2.793s] DEBUG:colcon.colcon_parallel_executor.executor.parallel:loop closed
[2.793s] DEBUG:colcon.colcon_parallel_executor.executor.parallel:run_until_complete finished with '0'
[2.793s] DEBUG:colcon.colcon_core.event_reactor:joining thread
[2.812s] INFO:colcon.colcon_core.plugin_system:Skipping extension 'colcon_notification.desktop_notification.terminal_notifier': Not used on non-Darwin systems
[2.812s] INFO:colcon.colcon_core.plugin_system:Skipping extension 'colcon_notification.desktop_notification.win32': Not used on non-Windows systems
[2.813s] INFO:colcon.colcon_notification.desktop_notification:Sending desktop notification using 'notify2'
[2.857s] DEBUG:colcon.colcon_core.event_reactor:joined thread
[2.858s] INFO:colcon.colcon_core.shell:Creating prefix script '/home/ubu/vlm_ws/install/local_setup.ps1'
[2.862s] INFO:colcon.colcon_core.shell:Creating prefix util module '/home/ubu/vlm_ws/install/_local_setup_util_ps1.py'
[2.867s] INFO:colcon.colcon_core.shell:Creating prefix chain script '/home/ubu/vlm_ws/install/setup.ps1'
[2.872s] INFO:colcon.colcon_core.shell:Creating prefix script '/home/ubu/vlm_ws/install/local_setup.sh'
[2.875s] INFO:colcon.colcon_core.shell:Creating prefix util module '/home/ubu/vlm_ws/install/_local_setup_util_sh.py'
[2.878s] INFO:colcon.colcon_core.shell:Creating prefix chain script '/home/ubu/vlm_ws/install/setup.sh'
[2.883s] INFO:colcon.colcon_core.shell:Creating prefix script '/home/ubu/vlm_ws/install/local_setup.bash'
[2.885s] INFO:colcon.colcon_core.shell:Creating prefix chain script '/home/ubu/vlm_ws/install/setup.bash'
[2.889s] INFO:colcon.colcon_core.shell:Creating prefix script '/home/ubu/vlm_ws/install/local_setup.zsh'
[2.891s] INFO:colcon.colcon_core.shell:Creating prefix chain script '/home/ubu/vlm_ws/install/setup.zsh'
