[0.187s] DEBUG:colcon:Command line arguments: ['/usr/bin/colcon', 'build']
[0.187s] DEBUG:colcon:Parsed command line arguments: Namespace(log_base=None, log_level=None, verb_name='build', build_base='build', install_base='install', merge_install=False, symlink_install=False, test_result_base=None, continue_on_error=False, executor='parallel', parallel_workers=8, event_handlers=None, ignore_user_meta=False, metas=['./colcon.meta'], base_paths=['.'], packages_ignore=None, packages_ignore_regex=None, paths=None, packages_up_to=None, packages_up_to_regex=None, packages_above=None, packages_above_and_dependencies=None, packages_above_depth=None, packages_select_by_dep=None, packages_skip_by_dep=None, packages_skip_up_to=None, packages_select_build_failed=False, packages_skip_build_finished=False, packages_select_test_failures=False, packages_skip_test_passed=False, packages_select=None, packages_skip=None, packages_select_regex=None, packages_skip_regex=None, packages_start=None, packages_end=None, allow_overriding=[], cmake_args=None, cmake_target=None, cmake_target_skip_unavailable=False, cmake_clean_cache=False, cmake_clean_first=False, cmake_force_configure=False, ament_cmake_args=None, catkin_cmake_args=None, catkin_skip_building_tests=False, verb_parser=<colcon_defaults.argument_parser.defaults.DefaultArgumentsDecorator object at 0xffffbca10460>, verb_extension=<colcon_core.verb.build.BuildVerb object at 0xffffbc9e7370>, main=<bound method BuildVerb.main of <colcon_core.verb.build.BuildVerb object at 0xffffbc9e7370>>)
[0.480s] Level 1:colcon.colcon_core.package_discovery:discover_packages(colcon_meta) check parameters
[0.480s] Level 1:colcon.colcon_core.package_discovery:discover_packages(recursive) check parameters
[0.480s] Level 1:colcon.colcon_core.package_discovery:discover_packages(ignore) check parameters
[0.480s] Level 1:colcon.colcon_core.package_discovery:discover_packages(path) check parameters
[0.480s] Level 1:colcon.colcon_core.package_discovery:discover_packages(colcon_meta) discover
[0.480s] Level 1:colcon.colcon_core.package_discovery:discover_packages(recursive) discover
[0.480s] INFO:colcon.colcon_core.package_discovery:Crawling recursively for packages in '/home/ubu/listener_ws'
[0.480s] Level 1:colcon.colcon_core.package_identification:_identify(.) by extensions ['ignore', 'ignore_ament_install']
[0.481s] Level 1:colcon.colcon_core.package_identification:_identify(.) by extension 'ignore'
[0.481s] Level 1:colcon.colcon_core.package_identification:_identify(.) by extension 'ignore_ament_install'
[0.481s] Level 1:colcon.colcon_core.package_identification:_identify(.) by extensions ['colcon_pkg']
[0.481s] Level 1:colcon.colcon_core.package_identification:_identify(.) by extension 'colcon_pkg'
[0.481s] Level 1:colcon.colcon_core.package_identification:_identify(.) by extensions ['colcon_meta']
[0.481s] Level 1:colcon.colcon_core.package_identification:_identify(.) by extension 'colcon_meta'
[0.481s] Level 1:colcon.colcon_core.package_identification:_identify(.) by extensions ['ros']
[0.481s] Level 1:colcon.colcon_core.package_identification:_identify(.) by extension 'ros'
[0.503s] Level 1:colcon.colcon_core.package_identification:_identify(.) by extensions ['cmake', 'python']
[0.503s] Level 1:colcon.colcon_core.package_identification:_identify(.) by extension 'cmake'
[0.503s] Level 1:colcon.colcon_core.package_identification:_identify(.) by extension 'python'
[0.503s] Level 1:colcon.colcon_core.package_identification:_identify(.) by extensions ['python_setup_py']
[0.503s] Level 1:colcon.colcon_core.package_identification:_identify(.) by extension 'python_setup_py'
[0.504s] Level 1:colcon.colcon_core.package_identification:_identify(build) by extensions ['ignore', 'ignore_ament_install']
[0.504s] Level 1:colcon.colcon_core.package_identification:_identify(build) by extension 'ignore'
[0.504s] Level 1:colcon.colcon_core.package_identification:_identify(build) ignored
[0.504s] Level 1:colcon.colcon_core.package_identification:_identify(install) by extensions ['ignore', 'ignore_ament_install']
[0.504s] Level 1:colcon.colcon_core.package_identification:_identify(install) by extension 'ignore'
[0.505s] Level 1:colcon.colcon_core.package_identification:_identify(install) ignored
[0.505s] Level 1:colcon.colcon_core.package_identification:_identify(log) by extensions ['ignore', 'ignore_ament_install']
[0.505s] Level 1:colcon.colcon_core.package_identification:_identify(log) by extension 'ignore'
[0.505s] Level 1:colcon.colcon_core.package_identification:_identify(log) ignored
[0.505s] Level 1:colcon.colcon_core.package_identification:_identify(src) by extensions ['ignore', 'ignore_ament_install']
[0.505s] Level 1:colcon.colcon_core.package_identification:_identify(src) by extension 'ignore'
[0.505s] Level 1:colcon.colcon_core.package_identification:_identify(src) by extension 'ignore_ament_install'
[0.505s] Level 1:colcon.colcon_core.package_identification:_identify(src) by extensions ['colcon_pkg']
[0.505s] Level 1:colcon.colcon_core.package_identification:_identify(src) by extension 'colcon_pkg'
[0.506s] Level 1:colcon.colcon_core.package_identification:_identify(src) by extensions ['colcon_meta']
[0.506s] Level 1:colcon.colcon_core.package_identification:_identify(src) by extension 'colcon_meta'
[0.506s] Level 1:colcon.colcon_core.package_identification:_identify(src) by extensions ['ros']
[0.506s] Level 1:colcon.colcon_core.package_identification:_identify(src) by extension 'ros'
[0.506s] Level 1:colcon.colcon_core.package_identification:_identify(src) by extensions ['cmake', 'python']
[0.506s] Level 1:colcon.colcon_core.package_identification:_identify(src) by extension 'cmake'
[0.506s] Level 1:colcon.colcon_core.package_identification:_identify(src) by extension 'python'
[0.506s] Level 1:colcon.colcon_core.package_identification:_identify(src) by extensions ['python_setup_py']
[0.506s] Level 1:colcon.colcon_core.package_identification:_identify(src) by extension 'python_setup_py'
[0.506s] Level 1:colcon.colcon_core.package_identification:_identify(src/mrs_package) by extensions ['ignore', 'ignore_ament_install']
[0.507s] Level 1:colcon.colcon_core.package_identification:_identify(src/mrs_package) by extension 'ignore'
[0.507s] Level 1:colcon.colcon_core.package_identification:_identify(src/mrs_package) by extension 'ignore_ament_install'
[0.507s] Level 1:colcon.colcon_core.package_identification:_identify(src/mrs_package) by extensions ['colcon_pkg']
[0.507s] Level 1:colcon.colcon_core.package_identification:_identify(src/mrs_package) by extension 'colcon_pkg'
[0.507s] Level 1:colcon.colcon_core.package_identification:_identify(src/mrs_package) by extensions ['colcon_meta']
[0.507s] Level 1:colcon.colcon_core.package_identification:_identify(src/mrs_package) by extension 'colcon_meta'
[0.507s] Level 1:colcon.colcon_core.package_identification:_identify(src/mrs_package) by extensions ['ros']
[0.507s] Level 1:colcon.colcon_core.package_identification:_identify(src/mrs_package) by extension 'ros'
[0.511s] DEBUG:colcon.colcon_core.package_identification:Package 'src/mrs_package' with type 'ros.ament_cmake' and name 'mrs_package'
[0.512s] Level 1:colcon.colcon_core.package_identification:_identify(src/my_package) by extensions ['ignore', 'ignore_ament_install']
[0.512s] Level 1:colcon.colcon_core.package_identification:_identify(src/my_package) by extension 'ignore'
[0.512s] Level 1:colcon.colcon_core.package_identification:_identify(src/my_package) by extension 'ignore_ament_install'
[0.512s] Level 1:colcon.colcon_core.package_identification:_identify(src/my_package) by extensions ['colcon_pkg']
[0.512s] Level 1:colcon.colcon_core.package_identification:_identify(src/my_package) by extension 'colcon_pkg'
[0.512s] Level 1:colcon.colcon_core.package_identification:_identify(src/my_package) by extensions ['colcon_meta']
[0.512s] Level 1:colcon.colcon_core.package_identification:_identify(src/my_package) by extension 'colcon_meta'
[0.512s] Level 1:colcon.colcon_core.package_identification:_identify(src/my_package) by extensions ['ros']
[0.512s] Level 1:colcon.colcon_core.package_identification:_identify(src/my_package) by extension 'ros'
[0.513s] DEBUG:colcon.colcon_core.package_identification:Package 'src/my_package' with type 'ros.ament_cmake' and name 'my_package'
[0.513s] Level 1:colcon.colcon_core.package_discovery:discover_packages(recursive) using defaults
[0.513s] Level 1:colcon.colcon_core.package_discovery:discover_packages(ignore) discover
[0.513s] Level 1:colcon.colcon_core.package_discovery:discover_packages(ignore) using defaults
[0.514s] Level 1:colcon.colcon_core.package_discovery:discover_packages(path) discover
[0.514s] Level 1:colcon.colcon_core.package_discovery:discover_packages(path) using defaults
[0.547s] Level 1:colcon.colcon_core.package_discovery:discover_packages(prefix_path) check parameters
[0.547s] Level 1:colcon.colcon_core.package_discovery:discover_packages(prefix_path) discover
[0.551s] DEBUG:colcon.colcon_installed_package_information.package_discovery:Found 1 installed packages in /home/ubu/listener_ws/install
[0.552s] DEBUG:colcon.colcon_installed_package_information.package_discovery:Found 7 installed packages in /home/ubu/turtlebot3_ws/install
[0.554s] DEBUG:colcon.colcon_installed_package_information.package_discovery:Found 366 installed packages in /opt/ros/humble
[0.579s] Level 1:colcon.colcon_core.package_discovery:discover_packages(prefix_path) using defaults
[0.659s] Level 5:colcon.colcon_core.verb:set package 'mrs_package' build argument 'cmake_args' from command line to 'None'
[0.659s] Level 5:colcon.colcon_core.verb:set package 'mrs_package' build argument 'cmake_target' from command line to 'None'
[0.659s] Level 5:colcon.colcon_core.verb:set package 'mrs_package' build argument 'cmake_target_skip_unavailable' from command line to 'False'
[0.659s] Level 5:colcon.colcon_core.verb:set package 'mrs_package' build argument 'cmake_clean_cache' from command line to 'False'
[0.660s] Level 5:colcon.colcon_core.verb:set package 'mrs_package' build argument 'cmake_clean_first' from command line to 'False'
[0.660s] Level 5:colcon.colcon_core.verb:set package 'mrs_package' build argument 'cmake_force_configure' from command line to 'False'
[0.660s] Level 5:colcon.colcon_core.verb:set package 'mrs_package' build argument 'ament_cmake_args' from command line to 'None'
[0.660s] Level 5:colcon.colcon_core.verb:set package 'mrs_package' build argument 'catkin_cmake_args' from command line to 'None'
[0.660s] Level 5:colcon.colcon_core.verb:set package 'mrs_package' build argument 'catkin_skip_building_tests' from command line to 'False'
[0.660s] DEBUG:colcon.colcon_core.verb:Building package 'mrs_package' with the following arguments: {'ament_cmake_args': None, 'build_base': '/home/ubu/listener_ws/build/mrs_package', 'catkin_cmake_args': None, 'catkin_skip_building_tests': False, 'cmake_args': None, 'cmake_clean_cache': False, 'cmake_clean_first': False, 'cmake_force_configure': False, 'cmake_target': None, 'cmake_target_skip_unavailable': False, 'install_base': '/home/ubu/listener_ws/install/mrs_package', 'merge_install': False, 'path': '/home/ubu/listener_ws/src/mrs_package', 'symlink_install': False, 'test_result_base': None}
[0.660s] Level 5:colcon.colcon_core.verb:set package 'my_package' build argument 'cmake_args' from command line to 'None'
[0.660s] Level 5:colcon.colcon_core.verb:set package 'my_package' build argument 'cmake_target' from command line to 'None'
[0.660s] Level 5:colcon.colcon_core.verb:set package 'my_package' build argument 'cmake_target_skip_unavailable' from command line to 'False'
[0.661s] Level 5:colcon.colcon_core.verb:set package 'my_package' build argument 'cmake_clean_cache' from command line to 'False'
[0.661s] Level 5:colcon.colcon_core.verb:set package 'my_package' build argument 'cmake_clean_first' from command line to 'False'
[0.661s] Level 5:colcon.colcon_core.verb:set package 'my_package' build argument 'cmake_force_configure' from command line to 'False'
[0.661s] Level 5:colcon.colcon_core.verb:set package 'my_package' build argument 'ament_cmake_args' from command line to 'None'
[0.661s] Level 5:colcon.colcon_core.verb:set package 'my_package' build argument 'catkin_cmake_args' from command line to 'None'
[0.661s] Level 5:colcon.colcon_core.verb:set package 'my_package' build argument 'catkin_skip_building_tests' from command line to 'False'
[0.661s] DEBUG:colcon.colcon_core.verb:Building package 'my_package' with the following arguments: {'ament_cmake_args': None, 'build_base': '/home/ubu/listener_ws/build/my_package', 'catkin_cmake_args': None, 'catkin_skip_building_tests': False, 'cmake_args': None, 'cmake_clean_cache': False, 'cmake_clean_first': False, 'cmake_force_configure': False, 'cmake_target': None, 'cmake_target_skip_unavailable': False, 'install_base': '/home/ubu/listener_ws/install/my_package', 'merge_install': False, 'path': '/home/ubu/listener_ws/src/my_package', 'symlink_install': False, 'test_result_base': None}
[0.661s] INFO:colcon.colcon_core.executor:Executing jobs using 'parallel' executor
[0.663s] DEBUG:colcon.colcon_parallel_executor.executor.parallel:run_until_complete
[0.663s] INFO:colcon.colcon_ros.task.ament_cmake.build:Building ROS package in '/home/ubu/listener_ws/src/mrs_package' with build type 'ament_cmake'
[0.664s] INFO:colcon.colcon_cmake.task.cmake.build:Building CMake package in '/home/ubu/listener_ws/src/mrs_package'
[0.667s] INFO:colcon.colcon_core.plugin_system:Skipping extension 'colcon_core.shell.bat': Not used on non-Windows systems
[0.668s] INFO:colcon.colcon_core.shell:Skip shell extension 'powershell' for command environment: Not usable outside of PowerShell
[0.668s] DEBUG:colcon.colcon_core.shell:Skip shell extension 'dsv' for command environment
[0.675s] INFO:colcon.colcon_ros.task.ament_cmake.build:Building ROS package in '/home/ubu/listener_ws/src/my_package' with build type 'ament_cmake'
[0.676s] INFO:colcon.colcon_cmake.task.cmake.build:Building CMake package in '/home/ubu/listener_ws/src/my_package'
[0.676s] INFO:colcon.colcon_core.shell:Skip shell extension 'powershell' for command environment: Not usable outside of PowerShell
[0.676s] DEBUG:colcon.colcon_core.shell:Skip shell extension 'dsv' for command environment
[0.692s] DEBUG:colcon.colcon_core.event_handler.log_command:Invoking command in '/home/ubu/listener_ws/build/mrs_package': CMAKE_PREFIX_PATH=${CMAKE_PREFIX_PATH}:/home/ubu/turtlebot3_ws/install/turtlebot3_teleop:/home/ubu/turtlebot3_ws/install/turtlebot3_example:/opt/ros/humble /usr/bin/cmake --build /home/ubu/listener_ws/build/mrs_package -- -j8 -l8
[0.701s] DEBUG:colcon.colcon_core.event_handler.log_command:Invoking command in '/home/ubu/listener_ws/build/my_package': CMAKE_PREFIX_PATH=${CMAKE_PREFIX_PATH}:/home/ubu/turtlebot3_ws/install/turtlebot3_teleop:/home/ubu/turtlebot3_ws/install/turtlebot3_example:/opt/ros/humble /usr/bin/cmake /home/ubu/listener_ws/src/my_package -DCMAKE_INSTALL_PREFIX=/home/ubu/listener_ws/install/my_package
[0.752s] DEBUG:colcon.colcon_core.event_handler.log_command:Invoked command in '/home/ubu/listener_ws/build/mrs_package' returned '0': CMAKE_PREFIX_PATH=${CMAKE_PREFIX_PATH}:/home/ubu/turtlebot3_ws/install/turtlebot3_teleop:/home/ubu/turtlebot3_ws/install/turtlebot3_example:/opt/ros/humble /usr/bin/cmake --build /home/ubu/listener_ws/build/mrs_package -- -j8 -l8
[0.801s] DEBUG:colcon.colcon_core.event_handler.log_command:Invoking command in '/home/ubu/listener_ws/build/mrs_package': CMAKE_PREFIX_PATH=${CMAKE_PREFIX_PATH}:/home/ubu/turtlebot3_ws/install/turtlebot3_teleop:/home/ubu/turtlebot3_ws/install/turtlebot3_example:/opt/ros/humble /usr/bin/cmake --install /home/ubu/listener_ws/build/mrs_package
[0.818s] Level 1:colcon.colcon_core.environment:create_environment_scripts_only(mrs_package)
[0.819s] DEBUG:colcon.colcon_core.event_handler.log_command:Invoked command in '/home/ubu/listener_ws/build/mrs_package' returned '0': CMAKE_PREFIX_PATH=${CMAKE_PREFIX_PATH}:/home/ubu/turtlebot3_ws/install/turtlebot3_teleop:/home/ubu/turtlebot3_ws/install/turtlebot3_example:/opt/ros/humble /usr/bin/cmake --install /home/ubu/listener_ws/build/mrs_package
[0.823s] Level 1:colcon.colcon_core.environment:checking '/home/ubu/listener_ws/install/mrs_package' for CMake module files
[0.824s] Level 1:colcon.colcon_core.environment:checking '/home/ubu/listener_ws/install/mrs_package' for CMake config files
[0.825s] Level 1:colcon.colcon_core.shell:create_environment_hook('mrs_package', 'cmake_prefix_path')
[0.826s] INFO:colcon.colcon_core.shell:Creating environment hook '/home/ubu/listener_ws/install/mrs_package/share/mrs_package/hook/cmake_prefix_path.ps1'
[0.828s] INFO:colcon.colcon_core.shell:Creating environment descriptor '/home/ubu/listener_ws/install/mrs_package/share/mrs_package/hook/cmake_prefix_path.dsv'
[0.830s] INFO:colcon.colcon_core.shell:Creating environment hook '/home/ubu/listener_ws/install/mrs_package/share/mrs_package/hook/cmake_prefix_path.sh'
[0.832s] Level 1:colcon.colcon_core.environment:checking '/home/ubu/listener_ws/install/mrs_package/bin'
[0.832s] Level 1:colcon.colcon_core.environment:checking '/home/ubu/listener_ws/install/mrs_package/lib/pkgconfig/mrs_package.pc'
[0.833s] Level 1:colcon.colcon_core.environment:checking '/home/ubu/listener_ws/install/mrs_package/lib/python3.10/site-packages'
[0.834s] Level 1:colcon.colcon_core.environment:checking '/home/ubu/listener_ws/install/mrs_package/bin'
[0.835s] INFO:colcon.colcon_core.shell:Creating package script '/home/ubu/listener_ws/install/mrs_package/share/mrs_package/package.ps1'
[0.837s] INFO:colcon.colcon_core.shell:Creating package descriptor '/home/ubu/listener_ws/install/mrs_package/share/mrs_package/package.dsv'
[0.839s] INFO:colcon.colcon_core.shell:Creating package script '/home/ubu/listener_ws/install/mrs_package/share/mrs_package/package.sh'
[0.841s] INFO:colcon.colcon_core.shell:Creating package script '/home/ubu/listener_ws/install/mrs_package/share/mrs_package/package.bash'
[0.843s] INFO:colcon.colcon_core.shell:Creating package script '/home/ubu/listener_ws/install/mrs_package/share/mrs_package/package.zsh'
[0.845s] Level 1:colcon.colcon_core.environment:create_file_with_runtime_dependencies(/home/ubu/listener_ws/install/mrs_package/share/colcon-core/packages/mrs_package)
[0.879s] Level 1:colcon.colcon_core.environment:create_environment_scripts_only(mrs_package)
[0.879s] Level 1:colcon.colcon_core.environment:checking '/home/ubu/listener_ws/install/mrs_package' for CMake module files
[0.880s] Level 1:colcon.colcon_core.environment:checking '/home/ubu/listener_ws/install/mrs_package' for CMake config files
[0.880s] Level 1:colcon.colcon_core.shell:create_environment_hook('mrs_package', 'cmake_prefix_path')
[0.881s] INFO:colcon.colcon_core.shell:Creating environment hook '/home/ubu/listener_ws/install/mrs_package/share/mrs_package/hook/cmake_prefix_path.ps1'
[0.882s] INFO:colcon.colcon_core.shell:Creating environment descriptor '/home/ubu/listener_ws/install/mrs_package/share/mrs_package/hook/cmake_prefix_path.dsv'
[0.883s] INFO:colcon.colcon_core.shell:Creating environment hook '/home/ubu/listener_ws/install/mrs_package/share/mrs_package/hook/cmake_prefix_path.sh'
[0.885s] Level 1:colcon.colcon_core.environment:checking '/home/ubu/listener_ws/install/mrs_package/bin'
[0.886s] Level 1:colcon.colcon_core.environment:checking '/home/ubu/listener_ws/install/mrs_package/lib/pkgconfig/mrs_package.pc'
[0.887s] Level 1:colcon.colcon_core.environment:checking '/home/ubu/listener_ws/install/mrs_package/lib/python3.10/site-packages'
[0.887s] Level 1:colcon.colcon_core.environment:checking '/home/ubu/listener_ws/install/mrs_package/bin'
[0.888s] INFO:colcon.colcon_core.shell:Creating package script '/home/ubu/listener_ws/install/mrs_package/share/mrs_package/package.ps1'
[0.890s] INFO:colcon.colcon_core.shell:Creating package descriptor '/home/ubu/listener_ws/install/mrs_package/share/mrs_package/package.dsv'
[0.892s] INFO:colcon.colcon_core.shell:Creating package script '/home/ubu/listener_ws/install/mrs_package/share/mrs_package/package.sh'
[0.894s] INFO:colcon.colcon_core.shell:Creating package script '/home/ubu/listener_ws/install/mrs_package/share/mrs_package/package.bash'
[0.896s] INFO:colcon.colcon_core.shell:Creating package script '/home/ubu/listener_ws/install/mrs_package/share/mrs_package/package.zsh'
[0.898s] Level 1:colcon.colcon_core.environment:create_file_with_runtime_dependencies(/home/ubu/listener_ws/install/mrs_package/share/colcon-core/packages/mrs_package)
[1.933s] DEBUG:colcon.colcon_core.event_handler.log_command:Invoked command in '/home/ubu/listener_ws/build/my_package' returned '0': CMAKE_PREFIX_PATH=${CMAKE_PREFIX_PATH}:/home/ubu/turtlebot3_ws/install/turtlebot3_teleop:/home/ubu/turtlebot3_ws/install/turtlebot3_example:/opt/ros/humble /usr/bin/cmake /home/ubu/listener_ws/src/my_package -DCMAKE_INSTALL_PREFIX=/home/ubu/listener_ws/install/my_package
[1.937s] DEBUG:colcon.colcon_core.event_handler.log_command:Invoking command in '/home/ubu/listener_ws/build/my_package': CMAKE_PREFIX_PATH=${CMAKE_PREFIX_PATH}:/home/ubu/turtlebot3_ws/install/turtlebot3_teleop:/home/ubu/turtlebot3_ws/install/turtlebot3_example:/opt/ros/humble /usr/bin/cmake --build /home/ubu/listener_ws/build/my_package -- -j8 -l8
[2.190s] DEBUG:colcon.colcon_core.event_handler.log_command:Invoked command in '/home/ubu/listener_ws/build/my_package' returned '0': CMAKE_PREFIX_PATH=${CMAKE_PREFIX_PATH}:/home/ubu/turtlebot3_ws/install/turtlebot3_teleop:/home/ubu/turtlebot3_ws/install/turtlebot3_example:/opt/ros/humble /usr/bin/cmake --build /home/ubu/listener_ws/build/my_package -- -j8 -l8
[2.232s] DEBUG:colcon.colcon_core.event_handler.log_command:Invoking command in '/home/ubu/listener_ws/build/my_package': CMAKE_PREFIX_PATH=${CMAKE_PREFIX_PATH}:/home/ubu/turtlebot3_ws/install/turtlebot3_teleop:/home/ubu/turtlebot3_ws/install/turtlebot3_example:/opt/ros/humble /usr/bin/cmake --install /home/ubu/listener_ws/build/my_package
[2.253s] Level 1:colcon.colcon_core.environment:create_environment_scripts_only(my_package)
[2.253s] Level 1:colcon.colcon_core.environment:checking '/home/ubu/listener_ws/install/my_package' for CMake module files
[2.254s] DEBUG:colcon.colcon_core.event_handler.log_command:Invoked command in '/home/ubu/listener_ws/build/my_package' returned '0': CMAKE_PREFIX_PATH=${CMAKE_PREFIX_PATH}:/home/ubu/turtlebot3_ws/install/turtlebot3_teleop:/home/ubu/turtlebot3_ws/install/turtlebot3_example:/opt/ros/humble /usr/bin/cmake --install /home/ubu/listener_ws/build/my_package
[2.255s] Level 1:colcon.colcon_core.environment:checking '/home/ubu/listener_ws/install/my_package' for CMake config files
[2.256s] Level 1:colcon.colcon_core.shell:create_environment_hook('my_package', 'cmake_prefix_path')
[2.256s] INFO:colcon.colcon_core.shell:Creating environment hook '/home/ubu/listener_ws/install/my_package/share/my_package/hook/cmake_prefix_path.ps1'
[2.258s] INFO:colcon.colcon_core.shell:Creating environment descriptor '/home/ubu/listener_ws/install/my_package/share/my_package/hook/cmake_prefix_path.dsv'
[2.259s] INFO:colcon.colcon_core.shell:Creating environment hook '/home/ubu/listener_ws/install/my_package/share/my_package/hook/cmake_prefix_path.sh'
[2.261s] Level 1:colcon.colcon_core.environment:checking '/home/ubu/listener_ws/install/my_package/lib'
[2.262s] Level 1:colcon.colcon_core.environment:checking '/home/ubu/listener_ws/install/my_package/bin'
[2.262s] Level 1:colcon.colcon_core.environment:checking '/home/ubu/listener_ws/install/my_package/lib/pkgconfig/my_package.pc'
[2.263s] Level 1:colcon.colcon_core.environment:checking '/home/ubu/listener_ws/install/my_package/lib/python3.10/site-packages'
[2.264s] Level 1:colcon.colcon_core.environment:checking '/home/ubu/listener_ws/install/my_package/bin'
[2.265s] INFO:colcon.colcon_core.shell:Creating package script '/home/ubu/listener_ws/install/my_package/share/my_package/package.ps1'
[2.267s] INFO:colcon.colcon_core.shell:Creating package descriptor '/home/ubu/listener_ws/install/my_package/share/my_package/package.dsv'
[2.269s] INFO:colcon.colcon_core.shell:Creating package script '/home/ubu/listener_ws/install/my_package/share/my_package/package.sh'
[2.270s] INFO:colcon.colcon_core.shell:Creating package script '/home/ubu/listener_ws/install/my_package/share/my_package/package.bash'
[2.271s] INFO:colcon.colcon_core.shell:Creating package script '/home/ubu/listener_ws/install/my_package/share/my_package/package.zsh'
[2.273s] Level 1:colcon.colcon_core.environment:create_file_with_runtime_dependencies(/home/ubu/listener_ws/install/my_package/share/colcon-core/packages/my_package)
[2.315s] Level 1:colcon.colcon_core.environment:create_environment_scripts_only(my_package)
[2.316s] Level 1:colcon.colcon_core.environment:checking '/home/ubu/listener_ws/install/my_package' for CMake module files
[2.317s] Level 1:colcon.colcon_core.environment:checking '/home/ubu/listener_ws/install/my_package' for CMake config files
[2.317s] Level 1:colcon.colcon_core.shell:create_environment_hook('my_package', 'cmake_prefix_path')
[2.318s] INFO:colcon.colcon_core.shell:Creating environment hook '/home/ubu/listener_ws/install/my_package/share/my_package/hook/cmake_prefix_path.ps1'
[2.319s] INFO:colcon.colcon_core.shell:Creating environment descriptor '/home/ubu/listener_ws/install/my_package/share/my_package/hook/cmake_prefix_path.dsv'
[2.320s] INFO:colcon.colcon_core.shell:Creating environment hook '/home/ubu/listener_ws/install/my_package/share/my_package/hook/cmake_prefix_path.sh'
[2.323s] Level 1:colcon.colcon_core.environment:checking '/home/ubu/listener_ws/install/my_package/lib'
[2.323s] Level 1:colcon.colcon_core.environment:checking '/home/ubu/listener_ws/install/my_package/bin'
[2.323s] Level 1:colcon.colcon_core.environment:checking '/home/ubu/listener_ws/install/my_package/lib/pkgconfig/my_package.pc'
[2.324s] Level 1:colcon.colcon_core.environment:checking '/home/ubu/listener_ws/install/my_package/lib/python3.10/site-packages'
[2.325s] Level 1:colcon.colcon_core.environment:checking '/home/ubu/listener_ws/install/my_package/bin'
[2.326s] INFO:colcon.colcon_core.shell:Creating package script '/home/ubu/listener_ws/install/my_package/share/my_package/package.ps1'
[2.328s] INFO:colcon.colcon_core.shell:Creating package descriptor '/home/ubu/listener_ws/install/my_package/share/my_package/package.dsv'
[2.329s] INFO:colcon.colcon_core.shell:Creating package script '/home/ubu/listener_ws/install/my_package/share/my_package/package.sh'
[2.331s] INFO:colcon.colcon_core.shell:Creating package script '/home/ubu/listener_ws/install/my_package/share/my_package/package.bash'
[2.333s] INFO:colcon.colcon_core.shell:Creating package script '/home/ubu/listener_ws/install/my_package/share/my_package/package.zsh'
[2.334s] Level 1:colcon.colcon_core.environment:create_file_with_runtime_dependencies(/home/ubu/listener_ws/install/my_package/share/colcon-core/packages/my_package)
[2.335s] DEBUG:colcon.colcon_parallel_executor.executor.parallel:closing loop
[2.336s] DEBUG:colcon.colcon_parallel_executor.executor.parallel:loop closed
[2.336s] DEBUG:colcon.colcon_parallel_executor.executor.parallel:run_until_complete finished with '0'
[2.337s] DEBUG:colcon.colcon_core.event_reactor:joining thread
[2.356s] INFO:colcon.colcon_core.plugin_system:Skipping extension 'colcon_notification.desktop_notification.terminal_notifier': Not used on non-Darwin systems
[2.356s] INFO:colcon.colcon_core.plugin_system:Skipping extension 'colcon_notification.desktop_notification.win32': Not used on non-Windows systems
[2.356s] INFO:colcon.colcon_notification.desktop_notification:Sending desktop notification using 'notify2'
[2.393s] DEBUG:colcon.colcon_core.event_reactor:joined thread
[2.394s] INFO:colcon.colcon_core.shell:Creating prefix script '/home/ubu/listener_ws/install/local_setup.ps1'
[2.398s] INFO:colcon.colcon_core.shell:Creating prefix util module '/home/ubu/listener_ws/install/_local_setup_util_ps1.py'
[2.403s] INFO:colcon.colcon_core.shell:Creating prefix chain script '/home/ubu/listener_ws/install/setup.ps1'
[2.408s] INFO:colcon.colcon_core.shell:Creating prefix script '/home/ubu/listener_ws/install/local_setup.sh'
[2.410s] INFO:colcon.colcon_core.shell:Creating prefix util module '/home/ubu/listener_ws/install/_local_setup_util_sh.py'
[2.413s] INFO:colcon.colcon_core.shell:Creating prefix chain script '/home/ubu/listener_ws/install/setup.sh'
[2.417s] INFO:colcon.colcon_core.shell:Creating prefix script '/home/ubu/listener_ws/install/local_setup.bash'
[2.419s] INFO:colcon.colcon_core.shell:Creating prefix chain script '/home/ubu/listener_ws/install/setup.bash'
[2.424s] INFO:colcon.colcon_core.shell:Creating prefix script '/home/ubu/listener_ws/install/local_setup.zsh'
[2.426s] INFO:colcon.colcon_core.shell:Creating prefix chain script '/home/ubu/listener_ws/install/setup.zsh'
