[0.188s] DEBUG:colcon:Command line arguments: ['/usr/bin/colcon', 'build']
[0.188s] DEBUG:colcon:Parsed command line arguments: Namespace(log_base=None, log_level=None, verb_name='build', build_base='build', install_base='install', merge_install=False, symlink_install=False, test_result_base=None, continue_on_error=False, executor='parallel', parallel_workers=8, event_handlers=None, ignore_user_meta=False, metas=['./colcon.meta'], base_paths=['.'], packages_ignore=None, packages_ignore_regex=None, paths=None, packages_up_to=None, packages_up_to_regex=None, packages_above=None, packages_above_and_dependencies=None, packages_above_depth=None, packages_select_by_dep=None, packages_skip_by_dep=None, packages_skip_up_to=None, packages_select_build_failed=False, packages_skip_build_finished=False, packages_select_test_failures=False, packages_skip_test_passed=False, packages_select=None, packages_skip=None, packages_select_regex=None, packages_skip_regex=None, packages_start=None, packages_end=None, allow_overriding=[], cmake_args=None, cmake_target=None, cmake_target_skip_unavailable=False, cmake_clean_cache=False, cmake_clean_first=False, cmake_force_configure=False, ament_cmake_args=None, catkin_cmake_args=None, catkin_skip_building_tests=False, verb_parser=<colcon_defaults.argument_parser.defaults.DefaultArgumentsDecorator object at 0xffffa80e06d0>, verb_extension=<colcon_core.verb.build.BuildVerb object at 0xffffa80e0250>, main=<bound method BuildVerb.main of <colcon_core.verb.build.BuildVerb object at 0xffffa80e0250>>)
[0.484s] Level 1:colcon.colcon_core.package_discovery:discover_packages(colcon_meta) check parameters
[0.484s] Level 1:colcon.colcon_core.package_discovery:discover_packages(recursive) check parameters
[0.484s] Level 1:colcon.colcon_core.package_discovery:discover_packages(ignore) check parameters
[0.484s] Level 1:colcon.colcon_core.package_discovery:discover_packages(path) check parameters
[0.484s] Level 1:colcon.colcon_core.package_discovery:discover_packages(colcon_meta) discover
[0.484s] Level 1:colcon.colcon_core.package_discovery:discover_packages(recursive) discover
[0.484s] INFO:colcon.colcon_core.package_discovery:Crawling recursively for packages in '/home/ubu/listener_ws'
[0.485s] Level 1:colcon.colcon_core.package_identification:_identify(.) by extensions ['ignore', 'ignore_ament_install']
[0.485s] Level 1:colcon.colcon_core.package_identification:_identify(.) by extension 'ignore'
[0.485s] Level 1:colcon.colcon_core.package_identification:_identify(.) by extension 'ignore_ament_install'
[0.485s] Level 1:colcon.colcon_core.package_identification:_identify(.) by extensions ['colcon_pkg']
[0.485s] Level 1:colcon.colcon_core.package_identification:_identify(.) by extension 'colcon_pkg'
[0.485s] Level 1:colcon.colcon_core.package_identification:_identify(.) by extensions ['colcon_meta']
[0.485s] Level 1:colcon.colcon_core.package_identification:_identify(.) by extension 'colcon_meta'
[0.485s] Level 1:colcon.colcon_core.package_identification:_identify(.) by extensions ['ros']
[0.485s] Level 1:colcon.colcon_core.package_identification:_identify(.) by extension 'ros'
[0.505s] Level 1:colcon.colcon_core.package_identification:_identify(.) by extensions ['cmake', 'python']
[0.505s] Level 1:colcon.colcon_core.package_identification:_identify(.) by extension 'cmake'
[0.505s] Level 1:colcon.colcon_core.package_identification:_identify(.) by extension 'python'
[0.506s] Level 1:colcon.colcon_core.package_identification:_identify(.) by extensions ['python_setup_py']
[0.506s] Level 1:colcon.colcon_core.package_identification:_identify(.) by extension 'python_setup_py'
[0.506s] Level 1:colcon.colcon_core.package_identification:_identify(build) by extensions ['ignore', 'ignore_ament_install']
[0.506s] Level 1:colcon.colcon_core.package_identification:_identify(build) by extension 'ignore'
[0.506s] Level 1:colcon.colcon_core.package_identification:_identify(build) ignored
[0.506s] Level 1:colcon.colcon_core.package_identification:_identify(install) by extensions ['ignore', 'ignore_ament_install']
[0.507s] Level 1:colcon.colcon_core.package_identification:_identify(install) by extension 'ignore'
[0.507s] Level 1:colcon.colcon_core.package_identification:_identify(install) ignored
[0.507s] Level 1:colcon.colcon_core.package_identification:_identify(log) by extensions ['ignore', 'ignore_ament_install']
[0.507s] Level 1:colcon.colcon_core.package_identification:_identify(log) by extension 'ignore'
[0.507s] Level 1:colcon.colcon_core.package_identification:_identify(log) ignored
[0.507s] Level 1:colcon.colcon_core.package_identification:_identify(src) by extensions ['ignore', 'ignore_ament_install']
[0.507s] Level 1:colcon.colcon_core.package_identification:_identify(src) by extension 'ignore'
[0.508s] Level 1:colcon.colcon_core.package_identification:_identify(src) by extension 'ignore_ament_install'
[0.508s] Level 1:colcon.colcon_core.package_identification:_identify(src) by extensions ['colcon_pkg']
[0.508s] Level 1:colcon.colcon_core.package_identification:_identify(src) by extension 'colcon_pkg'
[0.508s] Level 1:colcon.colcon_core.package_identification:_identify(src) by extensions ['colcon_meta']
[0.508s] Level 1:colcon.colcon_core.package_identification:_identify(src) by extension 'colcon_meta'
[0.508s] Level 1:colcon.colcon_core.package_identification:_identify(src) by extensions ['ros']
[0.508s] Level 1:colcon.colcon_core.package_identification:_identify(src) by extension 'ros'
[0.508s] Level 1:colcon.colcon_core.package_identification:_identify(src) by extensions ['cmake', 'python']
[0.508s] Level 1:colcon.colcon_core.package_identification:_identify(src) by extension 'cmake'
[0.508s] Level 1:colcon.colcon_core.package_identification:_identify(src) by extension 'python'
[0.508s] Level 1:colcon.colcon_core.package_identification:_identify(src) by extensions ['python_setup_py']
[0.508s] Level 1:colcon.colcon_core.package_identification:_identify(src) by extension 'python_setup_py'
[0.509s] Level 1:colcon.colcon_core.package_identification:_identify(src/build) by extensions ['ignore', 'ignore_ament_install']
[0.509s] Level 1:colcon.colcon_core.package_identification:_identify(src/build) by extension 'ignore'
[0.509s] Level 1:colcon.colcon_core.package_identification:_identify(src/build) ignored
[0.509s] Level 1:colcon.colcon_core.package_identification:_identify(src/install) by extensions ['ignore', 'ignore_ament_install']
[0.509s] Level 1:colcon.colcon_core.package_identification:_identify(src/install) by extension 'ignore'
[0.509s] Level 1:colcon.colcon_core.package_identification:_identify(src/install) ignored
[0.509s] Level 1:colcon.colcon_core.package_identification:_identify(src/log) by extensions ['ignore', 'ignore_ament_install']
[0.510s] Level 1:colcon.colcon_core.package_identification:_identify(src/log) by extension 'ignore'
[0.510s] Level 1:colcon.colcon_core.package_identification:_identify(src/log) ignored
[0.510s] Level 1:colcon.colcon_core.package_identification:_identify(src/mrs_package) by extensions ['ignore', 'ignore_ament_install']
[0.510s] Level 1:colcon.colcon_core.package_identification:_identify(src/mrs_package) by extension 'ignore'
[0.510s] Level 1:colcon.colcon_core.package_identification:_identify(src/mrs_package) by extension 'ignore_ament_install'
[0.510s] Level 1:colcon.colcon_core.package_identification:_identify(src/mrs_package) by extensions ['colcon_pkg']
[0.510s] Level 1:colcon.colcon_core.package_identification:_identify(src/mrs_package) by extension 'colcon_pkg'
[0.510s] Level 1:colcon.colcon_core.package_identification:_identify(src/mrs_package) by extensions ['colcon_meta']
[0.510s] Level 1:colcon.colcon_core.package_identification:_identify(src/mrs_package) by extension 'colcon_meta'
[0.510s] Level 1:colcon.colcon_core.package_identification:_identify(src/mrs_package) by extensions ['ros']
[0.510s] Level 1:colcon.colcon_core.package_identification:_identify(src/mrs_package) by extension 'ros'
[0.515s] DEBUG:colcon.colcon_core.package_identification:Package 'src/mrs_package' with type 'ros.ament_python' and name 'mrs_package'
[0.515s] Level 1:colcon.colcon_core.package_identification:_identify(test_pkg) by extensions ['ignore', 'ignore_ament_install']
[0.515s] Level 1:colcon.colcon_core.package_identification:_identify(test_pkg) by extension 'ignore'
[0.515s] Level 1:colcon.colcon_core.package_identification:_identify(test_pkg) by extension 'ignore_ament_install'
[0.515s] Level 1:colcon.colcon_core.package_identification:_identify(test_pkg) by extensions ['colcon_pkg']
[0.516s] Level 1:colcon.colcon_core.package_identification:_identify(test_pkg) by extension 'colcon_pkg'
[0.516s] Level 1:colcon.colcon_core.package_identification:_identify(test_pkg) by extensions ['colcon_meta']
[0.516s] Level 1:colcon.colcon_core.package_identification:_identify(test_pkg) by extension 'colcon_meta'
[0.516s] Level 1:colcon.colcon_core.package_identification:_identify(test_pkg) by extensions ['ros']
[0.516s] Level 1:colcon.colcon_core.package_identification:_identify(test_pkg) by extension 'ros'
[0.517s] DEBUG:colcon.colcon_core.package_identification:Package 'test_pkg' with type 'ros.ament_python' and name 'test_pkg'
[0.517s] Level 1:colcon.colcon_core.package_discovery:discover_packages(recursive) using defaults
[0.517s] Level 1:colcon.colcon_core.package_discovery:discover_packages(ignore) discover
[0.517s] Level 1:colcon.colcon_core.package_discovery:discover_packages(ignore) using defaults
[0.517s] Level 1:colcon.colcon_core.package_discovery:discover_packages(path) discover
[0.517s] Level 1:colcon.colcon_core.package_discovery:discover_packages(path) using defaults
[0.551s] Level 1:colcon.colcon_core.package_discovery:discover_packages(prefix_path) check parameters
[0.551s] Level 1:colcon.colcon_core.package_discovery:discover_packages(prefix_path) discover
[0.555s] DEBUG:colcon.colcon_installed_package_information.package_discovery:Found 1 installed packages in /home/ubu/listener_ws/src/install
[0.556s] DEBUG:colcon.colcon_installed_package_information.package_discovery:Found 2 installed packages in /home/ubu/listener_ws/install
[0.557s] DEBUG:colcon.colcon_installed_package_information.package_discovery:Found 7 installed packages in /home/ubu/turtlebot3_ws/install
[0.561s] DEBUG:colcon.colcon_installed_package_information.package_discovery:Found 366 installed packages in /opt/ros/humble
[0.584s] Level 1:colcon.colcon_core.package_discovery:discover_packages(prefix_path) using defaults
[0.666s] Level 5:colcon.colcon_core.verb:set package 'mrs_package' build argument 'cmake_args' from command line to 'None'
[0.666s] Level 5:colcon.colcon_core.verb:set package 'mrs_package' build argument 'cmake_target' from command line to 'None'
[0.666s] Level 5:colcon.colcon_core.verb:set package 'mrs_package' build argument 'cmake_target_skip_unavailable' from command line to 'False'
[0.666s] Level 5:colcon.colcon_core.verb:set package 'mrs_package' build argument 'cmake_clean_cache' from command line to 'False'
[0.666s] Level 5:colcon.colcon_core.verb:set package 'mrs_package' build argument 'cmake_clean_first' from command line to 'False'
[0.666s] Level 5:colcon.colcon_core.verb:set package 'mrs_package' build argument 'cmake_force_configure' from command line to 'False'
[0.666s] Level 5:colcon.colcon_core.verb:set package 'mrs_package' build argument 'ament_cmake_args' from command line to 'None'
[0.666s] Level 5:colcon.colcon_core.verb:set package 'mrs_package' build argument 'catkin_cmake_args' from command line to 'None'
[0.667s] Level 5:colcon.colcon_core.verb:set package 'mrs_package' build argument 'catkin_skip_building_tests' from command line to 'False'
[0.667s] DEBUG:colcon.colcon_core.verb:Building package 'mrs_package' with the following arguments: {'ament_cmake_args': None, 'build_base': '/home/ubu/listener_ws/build/mrs_package', 'catkin_cmake_args': None, 'catkin_skip_building_tests': False, 'cmake_args': None, 'cmake_clean_cache': False, 'cmake_clean_first': False, 'cmake_force_configure': False, 'cmake_target': None, 'cmake_target_skip_unavailable': False, 'install_base': '/home/ubu/listener_ws/install/mrs_package', 'merge_install': False, 'path': '/home/ubu/listener_ws/src/mrs_package', 'symlink_install': False, 'test_result_base': None}
[0.667s] Level 5:colcon.colcon_core.verb:set package 'test_pkg' build argument 'cmake_args' from command line to 'None'
[0.667s] Level 5:colcon.colcon_core.verb:set package 'test_pkg' build argument 'cmake_target' from command line to 'None'
[0.667s] Level 5:colcon.colcon_core.verb:set package 'test_pkg' build argument 'cmake_target_skip_unavailable' from command line to 'False'
[0.667s] Level 5:colcon.colcon_core.verb:set package 'test_pkg' build argument 'cmake_clean_cache' from command line to 'False'
[0.667s] Level 5:colcon.colcon_core.verb:set package 'test_pkg' build argument 'cmake_clean_first' from command line to 'False'
[0.667s] Level 5:colcon.colcon_core.verb:set package 'test_pkg' build argument 'cmake_force_configure' from command line to 'False'
[0.668s] Level 5:colcon.colcon_core.verb:set package 'test_pkg' build argument 'ament_cmake_args' from command line to 'None'
[0.668s] Level 5:colcon.colcon_core.verb:set package 'test_pkg' build argument 'catkin_cmake_args' from command line to 'None'
[0.668s] Level 5:colcon.colcon_core.verb:set package 'test_pkg' build argument 'catkin_skip_building_tests' from command line to 'False'
[0.668s] DEBUG:colcon.colcon_core.verb:Building package 'test_pkg' with the following arguments: {'ament_cmake_args': None, 'build_base': '/home/ubu/listener_ws/build/test_pkg', 'catkin_cmake_args': None, 'catkin_skip_building_tests': False, 'cmake_args': None, 'cmake_clean_cache': False, 'cmake_clean_first': False, 'cmake_force_configure': False, 'cmake_target': None, 'cmake_target_skip_unavailable': False, 'install_base': '/home/ubu/listener_ws/install/test_pkg', 'merge_install': False, 'path': '/home/ubu/listener_ws/test_pkg', 'symlink_install': False, 'test_result_base': None}
[0.668s] INFO:colcon.colcon_core.executor:Executing jobs using 'parallel' executor
[0.670s] DEBUG:colcon.colcon_parallel_executor.executor.parallel:run_until_complete
[0.670s] INFO:colcon.colcon_ros.task.ament_python.build:Building ROS package in '/home/ubu/listener_ws/src/mrs_package' with build type 'ament_python'
[0.671s] Level 1:colcon.colcon_core.shell:create_environment_hook('mrs_package', 'ament_prefix_path')
[0.674s] INFO:colcon.colcon_core.plugin_system:Skipping extension 'colcon_core.shell.bat': Not used on non-Windows systems
[0.675s] INFO:colcon.colcon_core.shell:Creating environment hook '/home/ubu/listener_ws/install/mrs_package/share/mrs_package/hook/ament_prefix_path.ps1'
[0.676s] INFO:colcon.colcon_core.shell:Creating environment descriptor '/home/ubu/listener_ws/install/mrs_package/share/mrs_package/hook/ament_prefix_path.dsv'
[0.677s] INFO:colcon.colcon_core.shell:Creating environment hook '/home/ubu/listener_ws/install/mrs_package/share/mrs_package/hook/ament_prefix_path.sh'
[0.678s] INFO:colcon.colcon_core.shell:Skip shell extension 'powershell' for command environment: Not usable outside of PowerShell
[0.678s] DEBUG:colcon.colcon_core.shell:Skip shell extension 'dsv' for command environment
[0.686s] INFO:colcon.colcon_ros.task.ament_python.build:Building ROS package in '/home/ubu/listener_ws/test_pkg' with build type 'ament_python'
[0.686s] Level 1:colcon.colcon_core.shell:create_environment_hook('test_pkg', 'ament_prefix_path')
[0.687s] INFO:colcon.colcon_core.shell:Creating environment hook '/home/ubu/listener_ws/install/test_pkg/share/test_pkg/hook/ament_prefix_path.ps1'
[0.688s] INFO:colcon.colcon_core.shell:Creating environment descriptor '/home/ubu/listener_ws/install/test_pkg/share/test_pkg/hook/ament_prefix_path.dsv'
[0.689s] INFO:colcon.colcon_core.shell:Creating environment hook '/home/ubu/listener_ws/install/test_pkg/share/test_pkg/hook/ament_prefix_path.sh'
[0.690s] INFO:colcon.colcon_core.shell:Skip shell extension 'powershell' for command environment: Not usable outside of PowerShell
[0.690s] DEBUG:colcon.colcon_core.shell:Skip shell extension 'dsv' for command environment
[1.148s] INFO:colcon.colcon_core.task.python.build:Building Python package in '/home/ubu/listener_ws/src/mrs_package'
[1.149s] INFO:colcon.colcon_core.shell:Skip shell extension 'powershell' for command environment: Not usable outside of PowerShell
[1.149s] DEBUG:colcon.colcon_core.shell:Skip shell extension 'dsv' for command environment
[1.611s] INFO:colcon.colcon_core.task.python.build:Building Python package in '/home/ubu/listener_ws/test_pkg'
[1.612s] INFO:colcon.colcon_core.shell:Skip shell extension 'powershell' for command environment: Not usable outside of PowerShell
[1.613s] DEBUG:colcon.colcon_core.shell:Skip shell extension 'dsv' for command environment
[2.233s] DEBUG:colcon.colcon_core.event_handler.log_command:Invoking command in '/home/ubu/listener_ws/src/mrs_package': PYTHONPATH=/home/ubu/listener_ws/build/mrs_package/prefix_override:/usr/lib/python3/dist-packages/colcon_core/task/python/colcon_distutils_commands:/home/ubu/listener_ws/install/mrs_package/lib/python3.10/site-packages:${PYTHONPATH} /usr/bin/python3 -W ignore:setup.py install is deprecated setup.py egg_info --egg-base ../../build/mrs_package build --build-base /home/ubu/listener_ws/build/mrs_package/build install --record /home/ubu/listener_ws/build/mrs_package/install.log --single-version-externally-managed install_data
[2.244s] DEBUG:colcon.colcon_core.event_handler.log_command:Invoking command in '/home/ubu/listener_ws/test_pkg': PYTHONPATH=/home/ubu/listener_ws/build/test_pkg/prefix_override:/usr/lib/python3/dist-packages/colcon_core/task/python/colcon_distutils_commands:/home/ubu/listener_ws/install/test_pkg/lib/python3.10/site-packages:${PYTHONPATH} /usr/bin/python3 -W ignore:setup.py install is deprecated setup.py egg_info --egg-base ../build/test_pkg build --build-base /home/ubu/listener_ws/build/test_pkg/build install --record /home/ubu/listener_ws/build/test_pkg/install.log --single-version-externally-managed install_data
[2.777s] DEBUG:colcon.colcon_core.event_handler.log_command:Invoked command in '/home/ubu/listener_ws/test_pkg' returned '0': PYTHONPATH=/home/ubu/listener_ws/build/test_pkg/prefix_override:/usr/lib/python3/dist-packages/colcon_core/task/python/colcon_distutils_commands:/home/ubu/listener_ws/install/test_pkg/lib/python3.10/site-packages:${PYTHONPATH} /usr/bin/python3 -W ignore:setup.py install is deprecated setup.py egg_info --egg-base ../build/test_pkg build --build-base /home/ubu/listener_ws/build/test_pkg/build install --record /home/ubu/listener_ws/build/test_pkg/install.log --single-version-externally-managed install_data
[2.786s] Level 1:colcon.colcon_core.environment:checking '/home/ubu/listener_ws/install/test_pkg' for CMake module files
[2.788s] Level 1:colcon.colcon_core.environment:checking '/home/ubu/listener_ws/install/test_pkg' for CMake config files
[2.791s] Level 1:colcon.colcon_core.environment:checking '/home/ubu/listener_ws/install/test_pkg/lib'
[2.791s] Level 1:colcon.colcon_core.environment:checking '/home/ubu/listener_ws/install/test_pkg/bin'
[2.792s] Level 1:colcon.colcon_core.environment:checking '/home/ubu/listener_ws/install/test_pkg/lib/pkgconfig/test_pkg.pc'
[2.792s] Level 1:colcon.colcon_core.environment:checking '/home/ubu/listener_ws/install/test_pkg/lib/python3.10/site-packages'
[2.793s] Level 1:colcon.colcon_core.shell:create_environment_hook('test_pkg', 'pythonpath')
[2.794s] INFO:colcon.colcon_core.shell:Creating environment hook '/home/ubu/listener_ws/install/test_pkg/share/test_pkg/hook/pythonpath.ps1'
[2.795s] INFO:colcon.colcon_core.shell:Creating environment descriptor '/home/ubu/listener_ws/install/test_pkg/share/test_pkg/hook/pythonpath.dsv'
[2.796s] INFO:colcon.colcon_core.shell:Creating environment hook '/home/ubu/listener_ws/install/test_pkg/share/test_pkg/hook/pythonpath.sh'
[2.799s] Level 1:colcon.colcon_core.environment:checking '/home/ubu/listener_ws/install/test_pkg/bin'
[2.799s] Level 1:colcon.colcon_core.environment:create_environment_scripts_only(test_pkg)
[2.800s] INFO:colcon.colcon_core.shell:Creating package script '/home/ubu/listener_ws/install/test_pkg/share/test_pkg/package.ps1'
[2.803s] INFO:colcon.colcon_core.shell:Creating package descriptor '/home/ubu/listener_ws/install/test_pkg/share/test_pkg/package.dsv'
[2.805s] INFO:colcon.colcon_core.shell:Creating package script '/home/ubu/listener_ws/install/test_pkg/share/test_pkg/package.sh'
[2.808s] INFO:colcon.colcon_core.shell:Creating package script '/home/ubu/listener_ws/install/test_pkg/share/test_pkg/package.bash'
[2.810s] INFO:colcon.colcon_core.shell:Creating package script '/home/ubu/listener_ws/install/test_pkg/share/test_pkg/package.zsh'
[2.811s] Level 1:colcon.colcon_core.environment:create_file_with_runtime_dependencies(/home/ubu/listener_ws/install/test_pkg/share/colcon-core/packages/test_pkg)
[2.813s] Level 1:colcon.colcon_core.environment:checking '/home/ubu/listener_ws/install/mrs_package' for CMake module files
[2.816s] DEBUG:colcon.colcon_core.event_handler.log_command:Invoked command in '/home/ubu/listener_ws/src/mrs_package' returned '0': PYTHONPATH=/home/ubu/listener_ws/build/mrs_package/prefix_override:/usr/lib/python3/dist-packages/colcon_core/task/python/colcon_distutils_commands:/home/ubu/listener_ws/install/mrs_package/lib/python3.10/site-packages:${PYTHONPATH} /usr/bin/python3 -W ignore:setup.py install is deprecated setup.py egg_info --egg-base ../../build/mrs_package build --build-base /home/ubu/listener_ws/build/mrs_package/build install --record /home/ubu/listener_ws/build/mrs_package/install.log --single-version-externally-managed install_data
[2.816s] Level 1:colcon.colcon_core.environment:checking '/home/ubu/listener_ws/install/mrs_package' for CMake config files
[2.817s] Level 1:colcon.colcon_core.shell:create_environment_hook('mrs_package', 'cmake_prefix_path')
[2.817s] INFO:colcon.colcon_core.shell:Creating environment hook '/home/ubu/listener_ws/install/mrs_package/share/mrs_package/hook/cmake_prefix_path.ps1'
[2.818s] INFO:colcon.colcon_core.shell:Creating environment descriptor '/home/ubu/listener_ws/install/mrs_package/share/mrs_package/hook/cmake_prefix_path.dsv'
[2.819s] INFO:colcon.colcon_core.shell:Creating environment hook '/home/ubu/listener_ws/install/mrs_package/share/mrs_package/hook/cmake_prefix_path.sh'
[2.821s] Level 1:colcon.colcon_core.environment:checking '/home/ubu/listener_ws/install/mrs_package/lib'
[2.822s] Level 1:colcon.colcon_core.environment:checking '/home/ubu/listener_ws/install/mrs_package/bin'
[2.822s] Level 1:colcon.colcon_core.environment:checking '/home/ubu/listener_ws/install/mrs_package/lib/pkgconfig/mrs_package.pc'
[2.823s] Level 1:colcon.colcon_core.environment:checking '/home/ubu/listener_ws/install/mrs_package/lib/python3.10/site-packages'
[2.823s] Level 1:colcon.colcon_core.shell:create_environment_hook('mrs_package', 'pythonpath')
[2.824s] INFO:colcon.colcon_core.shell:Creating environment hook '/home/ubu/listener_ws/install/mrs_package/share/mrs_package/hook/pythonpath.ps1'
[2.825s] INFO:colcon.colcon_core.shell:Creating environment descriptor '/home/ubu/listener_ws/install/mrs_package/share/mrs_package/hook/pythonpath.dsv'
[2.827s] INFO:colcon.colcon_core.shell:Creating environment hook '/home/ubu/listener_ws/install/mrs_package/share/mrs_package/hook/pythonpath.sh'
[2.829s] Level 1:colcon.colcon_core.environment:checking '/home/ubu/listener_ws/install/mrs_package/bin'
[2.830s] Level 1:colcon.colcon_core.environment:create_environment_scripts_only(mrs_package)
[2.831s] INFO:colcon.colcon_core.shell:Creating package script '/home/ubu/listener_ws/install/mrs_package/share/mrs_package/package.ps1'
[2.833s] INFO:colcon.colcon_core.shell:Creating package descriptor '/home/ubu/listener_ws/install/mrs_package/share/mrs_package/package.dsv'
[2.835s] INFO:colcon.colcon_core.shell:Creating package script '/home/ubu/listener_ws/install/mrs_package/share/mrs_package/package.sh'
[2.837s] INFO:colcon.colcon_core.shell:Creating package script '/home/ubu/listener_ws/install/mrs_package/share/mrs_package/package.bash'
[2.838s] INFO:colcon.colcon_core.shell:Creating package script '/home/ubu/listener_ws/install/mrs_package/share/mrs_package/package.zsh'
[2.839s] Level 1:colcon.colcon_core.environment:create_file_with_runtime_dependencies(/home/ubu/listener_ws/install/mrs_package/share/colcon-core/packages/mrs_package)
[2.840s] DEBUG:colcon.colcon_parallel_executor.executor.parallel:closing loop
[2.841s] DEBUG:colcon.colcon_parallel_executor.executor.parallel:loop closed
[2.841s] DEBUG:colcon.colcon_parallel_executor.executor.parallel:run_until_complete finished with '0'
[2.842s] DEBUG:colcon.colcon_core.event_reactor:joining thread
[2.858s] INFO:colcon.colcon_core.plugin_system:Skipping extension 'colcon_notification.desktop_notification.terminal_notifier': Not used on non-Darwin systems
[2.858s] INFO:colcon.colcon_core.plugin_system:Skipping extension 'colcon_notification.desktop_notification.win32': Not used on non-Windows systems
[2.858s] INFO:colcon.colcon_notification.desktop_notification:Sending desktop notification using 'notify2'
[2.904s] DEBUG:colcon.colcon_core.event_reactor:joined thread
[2.904s] INFO:colcon.colcon_core.shell:Creating prefix script '/home/ubu/listener_ws/install/local_setup.ps1'
[2.906s] INFO:colcon.colcon_core.shell:Creating prefix util module '/home/ubu/listener_ws/install/_local_setup_util_ps1.py'
[2.911s] INFO:colcon.colcon_core.shell:Creating prefix chain script '/home/ubu/listener_ws/install/setup.ps1'
[2.914s] INFO:colcon.colcon_core.shell:Creating prefix script '/home/ubu/listener_ws/install/local_setup.sh'
[2.916s] INFO:colcon.colcon_core.shell:Creating prefix util module '/home/ubu/listener_ws/install/_local_setup_util_sh.py'
[2.917s] INFO:colcon.colcon_core.shell:Creating prefix chain script '/home/ubu/listener_ws/install/setup.sh'
[2.921s] INFO:colcon.colcon_core.shell:Creating prefix script '/home/ubu/listener_ws/install/local_setup.bash'
[2.923s] INFO:colcon.colcon_core.shell:Creating prefix chain script '/home/ubu/listener_ws/install/setup.bash'
[2.928s] INFO:colcon.colcon_core.shell:Creating prefix script '/home/ubu/listener_ws/install/local_setup.zsh'
[2.929s] INFO:colcon.colcon_core.shell:Creating prefix chain script '/home/ubu/listener_ws/install/setup.zsh'
