[1.422s] Invoking command in '/home/ubu/vlm_ws/src/live_llava': PYTHONPATH=/home/ubu/vlm_ws/build/live_llava/prefix_override:/usr/lib/python3/dist-packages/colcon_core/task/python/colcon_distutils_commands:/home/ubu/vlm_ws/install/live_llava/lib/python3.10/site-packages:${PYTHONPATH} /usr/bin/python3 -W ignore:setup.py install is deprecated setup.py egg_info --egg-base ../../build/live_llava build --build-base /home/ubu/vlm_ws/build/live_llava/build install --record /home/ubu/vlm_ws/build/live_llava/install.log --single-version-externally-managed install_data
[1.983s] running egg_info
[1.984s] writing ../../build/live_llava/live_llava.egg-info/PKG-INFO
[1.985s] writing dependency_links to ../../build/live_llava/live_llava.egg-info/dependency_links.txt
[1.985s] writing entry points to ../../build/live_llava/live_llava.egg-info/entry_points.txt
[1.986s] writing requirements to ../../build/live_llava/live_llava.egg-info/requires.txt
[1.986s] writing top-level names to ../../build/live_llava/live_llava.egg-info/top_level.txt
[1.990s] reading manifest file '../../build/live_llava/live_llava.egg-info/SOURCES.txt'
[1.990s] adding license file 'LICENSE'
[1.992s] writing manifest file '../../build/live_llava/live_llava.egg-info/SOURCES.txt'
[1.992s] running build
[1.992s] running build_py
[1.992s] copying live_llava/live_llava_pub.py -> /home/ubu/vlm_ws/build/live_llava/build/lib/live_llava
[1.993s] copying live_llava/live_llava_sub.py -> /home/ubu/vlm_ws/build/live_llava/build/lib/live_llava
[1.993s] running install
[1.994s] running install_lib
[1.995s] copying /home/ubu/vlm_ws/build/live_llava/build/lib/live_llava/live_llava_pub.py -> /home/ubu/vlm_ws/install/live_llava/lib/python3.10/site-packages/live_llava
[1.996s] copying /home/ubu/vlm_ws/build/live_llava/build/lib/live_llava/live_llava_sub.py -> /home/ubu/vlm_ws/install/live_llava/lib/python3.10/site-packages/live_llava
[1.997s] byte-compiling /home/ubu/vlm_ws/install/live_llava/lib/python3.10/site-packages/live_llava/live_llava_pub.py to live_llava_pub.cpython-310.pyc
[1.998s] byte-compiling /home/ubu/vlm_ws/install/live_llava/lib/python3.10/site-packages/live_llava/live_llava_sub.py to live_llava_sub.cpython-310.pyc
[1.999s] running install_data
[2.000s] running install_egg_info
[2.003s] removing '/home/ubu/vlm_ws/install/live_llava/lib/python3.10/site-packages/live_llava-0.0.0-py3.10.egg-info' (and everything under it)
[2.004s] Copying ../../build/live_llava/live_llava.egg-info to /home/ubu/vlm_ws/install/live_llava/lib/python3.10/site-packages/live_llava-0.0.0-py3.10.egg-info
[2.006s] running install_scripts
[2.051s] Installing vlm_dos script to /home/ubu/vlm_ws/install/live_llava/lib/live_llava
[2.051s] Installing vlm_pub script to /home/ubu/vlm_ws/install/live_llava/lib/live_llava
[2.051s] Installing vlm_start script to /home/ubu/vlm_ws/install/live_llava/lib/live_llava
[2.052s] Installing vlm_sub script to /home/ubu/vlm_ws/install/live_llava/lib/live_llava
[2.052s] writing list of installed files to '/home/ubu/vlm_ws/build/live_llava/install.log'
[2.118s] Invoked command in '/home/ubu/vlm_ws/src/live_llava' returned '0': PYTHONPATH=/home/ubu/vlm_ws/build/live_llava/prefix_override:/usr/lib/python3/dist-packages/colcon_core/task/python/colcon_distutils_commands:/home/ubu/vlm_ws/install/live_llava/lib/python3.10/site-packages:${PYTHONPATH} /usr/bin/python3 -W ignore:setup.py install is deprecated setup.py egg_info --egg-base ../../build/live_llava build --build-base /home/ubu/vlm_ws/build/live_llava/build install --record /home/ubu/vlm_ws/build/live_llava/install.log --single-version-externally-managed install_data
