[0.022s] Invoking command in '/home/ubu/listener_ws/build/mrs_package': CMAKE_PREFIX_PATH=${CMAKE_PREFIX_PATH}:/home/ubu/turtlebot3_ws/install/turtlebot3_teleop:/home/ubu/turtlebot3_ws/install/turtlebot3_example:/opt/ros/humble /usr/bin/cmake /home/ubu/listener_ws/src/mrs_package -DCMAKE_INSTALL_PREFIX=/home/ubu/listener_ws/install/mrs_package
[0.345s] -- The C compiler identification is GNU 11.4.0
[0.590s] -- The CXX compiler identification is GNU 11.4.0
[0.621s] -- Detecting C compiler ABI info
[0.759s] -- Detecting C compiler ABI info - done
[0.783s] -- Check for working C compiler: /usr/bin/cc - skipped
[0.784s] -- Detecting C compile features
[0.786s] -- Detecting C compile features - done
[0.799s] -- Detecting CXX compiler ABI info
[0.948s] -- Detecting CXX compiler ABI info - done
[0.974s] -- Check for working CXX compiler: /usr/bin/c++ - skipped
[0.975s] -- Detecting CXX compile features
[0.976s] -- Detecting CXX compile features - done
[0.995s] -- Found ament_cmake: 1.3.10 (/opt/ros/humble/share/ament_cmake/cmake)
[1.295s] -- Found Python3: /usr/bin/python3 (found version "3.10.12") found components: Interpreter 
[1.550s] -- Found ament_lint_auto: 0.12.11 (/opt/ros/humble/share/ament_lint_auto/cmake)
[1.749s] -- Added test 'flake8' to check Python code syntax and style conventions
[1.752s] -- Added test 'lint_cmake' to check CMake code style
[1.755s] -- Added test 'pep257' to check Python code against some of the docstring style conventions in PEP 257
[1.759s] -- Added test 'xmllint' to check XML markup files
[1.765s] -- Configuring done
[1.775s] -- Generating done
[1.778s] -- Build files have been written to: /home/ubu/listener_ws/build/mrs_package
[1.788s] Invoked command in '/home/ubu/listener_ws/build/mrs_package' returned '0': CMAKE_PREFIX_PATH=${CMAKE_PREFIX_PATH}:/home/ubu/turtlebot3_ws/install/turtlebot3_teleop:/home/ubu/turtlebot3_ws/install/turtlebot3_example:/opt/ros/humble /usr/bin/cmake /home/ubu/listener_ws/src/mrs_package -DCMAKE_INSTALL_PREFIX=/home/ubu/listener_ws/install/mrs_package
[1.794s] Invoking command in '/home/ubu/listener_ws/build/mrs_package': CMAKE_PREFIX_PATH=${CMAKE_PREFIX_PATH}:/home/ubu/turtlebot3_ws/install/turtlebot3_teleop:/home/ubu/turtlebot3_ws/install/turtlebot3_example:/opt/ros/humble /usr/bin/cmake --build /home/ubu/listener_ws/build/mrs_package -- -j8 -l8
[1.869s] Invoked command in '/home/ubu/listener_ws/build/mrs_package' returned '0': CMAKE_PREFIX_PATH=${CMAKE_PREFIX_PATH}:/home/ubu/turtlebot3_ws/install/turtlebot3_teleop:/home/ubu/turtlebot3_ws/install/turtlebot3_example:/opt/ros/humble /usr/bin/cmake --build /home/ubu/listener_ws/build/mrs_package -- -j8 -l8
[1.923s] Invoking command in '/home/ubu/listener_ws/build/mrs_package': CMAKE_PREFIX_PATH=${CMAKE_PREFIX_PATH}:/home/ubu/turtlebot3_ws/install/turtlebot3_teleop:/home/ubu/turtlebot3_ws/install/turtlebot3_example:/opt/ros/humble /usr/bin/cmake --install /home/ubu/listener_ws/build/mrs_package
[1.937s] -- Install configuration: ""
[1.937s] -- Installing: /home/ubu/listener_ws/install/mrs_package/share/ament_index/resource_index/package_run_dependencies/mrs_package
[1.937s] -- Installing: /home/ubu/listener_ws/install/mrs_package/share/ament_index/resource_index/parent_prefix_path/mrs_package
[1.938s] -- Installing: /home/ubu/listener_ws/install/mrs_package/share/mrs_package/environment/ament_prefix_path.sh
[1.938s] -- Installing: /home/ubu/listener_ws/install/mrs_package/share/mrs_package/environment/ament_prefix_path.dsv
[1.938s] -- Installing: /home/ubu/listener_ws/install/mrs_package/share/mrs_package/environment/path.sh
[1.938s] -- Installing: /home/ubu/listener_ws/install/mrs_package/share/mrs_package/environment/path.dsv
[1.938s] -- Installing: /home/ubu/listener_ws/install/mrs_package/share/mrs_package/local_setup.bash
[1.939s] -- Installing: /home/ubu/listener_ws/install/mrs_package/share/mrs_package/local_setup.sh
[1.939s] -- Installing: /home/ubu/listener_ws/install/mrs_package/share/mrs_package/local_setup.zsh
[1.939s] -- Installing: /home/ubu/listener_ws/install/mrs_package/share/mrs_package/local_setup.dsv
[1.939s] -- Installing: /home/ubu/listener_ws/install/mrs_package/share/mrs_package/package.dsv
[1.940s] -- Installing: /home/ubu/listener_ws/install/mrs_package/share/ament_index/resource_index/packages/mrs_package
[1.940s] -- Installing: /home/ubu/listener_ws/install/mrs_package/share/mrs_package/cmake/mrs_packageConfig.cmake
[1.940s] -- Installing: /home/ubu/listener_ws/install/mrs_package/share/mrs_package/cmake/mrs_packageConfig-version.cmake
[1.940s] -- Installing: /home/ubu/listener_ws/install/mrs_package/share/mrs_package/package.xml
[1.943s] Invoked command in '/home/ubu/listener_ws/build/mrs_package' returned '0': CMAKE_PREFIX_PATH=${CMAKE_PREFIX_PATH}:/home/ubu/turtlebot3_ws/install/turtlebot3_teleop:/home/ubu/turtlebot3_ws/install/turtlebot3_example:/opt/ros/humble /usr/bin/cmake --install /home/ubu/listener_ws/build/mrs_package
