[1.626s] Invoking command in '/home/ubu/vlm_ws/src/live_llava': PYTHONPATH=/home/ubu/vlm_ws/build/live_llava/prefix_override:/usr/lib/python3/dist-packages/colcon_core/task/python/colcon_distutils_commands:/home/ubu/vlm_ws/install/live_llava/lib/python3.10/site-packages:${PYTHONPATH} /usr/bin/python3 -W ignore:setup.py install is deprecated setup.py egg_info --egg-base ../../build/live_llava build --build-base /home/ubu/vlm_ws/build/live_llava/build install --record /home/ubu/vlm_ws/build/live_llava/install.log --single-version-externally-managed install_data
[2.212s] running egg_info
[2.213s] writing ../../build/live_llava/live_llava.egg-info/PKG-INFO
[2.218s] writing dependency_links to ../../build/live_llava/live_llava.egg-info/dependency_links.txt
[2.218s] writing entry points to ../../build/live_llava/live_llava.egg-info/entry_points.txt
[2.219s] writing requirements to ../../build/live_llava/live_llava.egg-info/requires.txt
[2.219s] writing top-level names to ../../build/live_llava/live_llava.egg-info/top_level.txt
[2.223s] reading manifest file '../../build/live_llava/live_llava.egg-info/SOURCES.txt'
[2.223s] adding license file 'LICENSE'
[2.225s] writing manifest file '../../build/live_llava/live_llava.egg-info/SOURCES.txt'
[2.225s] running build
[2.225s] running build_py
[2.226s] copying live_llava/live_llava_pub.py -> /home/ubu/vlm_ws/build/live_llava/build/lib/live_llava
[2.227s] copying live_llava/live_llava_start.py -> /home/ubu/vlm_ws/build/live_llava/build/lib/live_llava
[2.228s] running install
[2.229s] running install_lib
[2.230s] copying /home/ubu/vlm_ws/build/live_llava/build/lib/live_llava/live_llava_pub.py -> /home/ubu/vlm_ws/install/live_llava/lib/python3.10/site-packages/live_llava
[2.231s] copying /home/ubu/vlm_ws/build/live_llava/build/lib/live_llava/live_llava_start.py -> /home/ubu/vlm_ws/install/live_llava/lib/python3.10/site-packages/live_llava
[2.232s] byte-compiling /home/ubu/vlm_ws/install/live_llava/lib/python3.10/site-packages/live_llava/live_llava_pub.py to live_llava_pub.cpython-310.pyc
[2.234s] byte-compiling /home/ubu/vlm_ws/install/live_llava/lib/python3.10/site-packages/live_llava/live_llava_start.py to live_llava_start.cpython-310.pyc
[2.235s] running install_data
[2.235s] running install_egg_info
[2.239s] removing '/home/ubu/vlm_ws/install/live_llava/lib/python3.10/site-packages/live_llava-0.0.0-py3.10.egg-info' (and everything under it)
[2.240s] Copying ../../build/live_llava/live_llava.egg-info to /home/ubu/vlm_ws/install/live_llava/lib/python3.10/site-packages/live_llava-0.0.0-py3.10.egg-info
[2.242s] running install_scripts
[2.284s] Installing vlm_dos script to /home/ubu/vlm_ws/install/live_llava/lib/live_llava
[2.285s] Installing vlm_pub script to /home/ubu/vlm_ws/install/live_llava/lib/live_llava
[2.285s] Installing vlm_start script to /home/ubu/vlm_ws/install/live_llava/lib/live_llava
[2.285s] Installing vlm_sub script to /home/ubu/vlm_ws/install/live_llava/lib/live_llava
[2.286s] writing list of installed files to '/home/ubu/vlm_ws/build/live_llava/install.log'
[2.343s] Invoked command in '/home/ubu/vlm_ws/src/live_llava' returned '0': PYTHONPATH=/home/ubu/vlm_ws/build/live_llava/prefix_override:/usr/lib/python3/dist-packages/colcon_core/task/python/colcon_distutils_commands:/home/ubu/vlm_ws/install/live_llava/lib/python3.10/site-packages:${PYTHONPATH} /usr/bin/python3 -W ignore:setup.py install is deprecated setup.py egg_info --egg-base ../../build/live_llava build --build-base /home/ubu/vlm_ws/build/live_llava/build install --record /home/ubu/vlm_ws/build/live_llava/install.log --single-version-externally-managed install_data
