[13.417s] Invoking command in '/home/ubu/vlm_ws/src/live_llava': PYTHONPATH=/home/ubu/vlm_ws/build/live_llava/prefix_override:/usr/lib/python3/dist-packages/colcon_core/task/python/colcon_distutils_commands:/home/ubu/vlm_ws/install/live_llava/lib/python3.10/site-packages:${PYTHONPATH} /usr/bin/python3 -W ignore:setup.py install is deprecated setup.py egg_info --egg-base ../../build/live_llava build --build-base /home/ubu/vlm_ws/build/live_llava/build install --record /home/ubu/vlm_ws/build/live_llava/install.log --single-version-externally-managed install_data
[20.321s] running egg_info
[20.323s] writing ../../build/live_llava/live_llava.egg-info/PKG-INFO
[20.323s] writing dependency_links to ../../build/live_llava/live_llava.egg-info/dependency_links.txt
[20.323s] writing entry points to ../../build/live_llava/live_llava.egg-info/entry_points.txt
[20.324s] writing requirements to ../../build/live_llava/live_llava.egg-info/requires.txt
[20.324s] writing top-level names to ../../build/live_llava/live_llava.egg-info/top_level.txt
[20.329s] reading manifest file '../../build/live_llava/live_llava.egg-info/SOURCES.txt'
[20.329s] adding license file 'LICENSE'
[20.330s] writing manifest file '../../build/live_llava/live_llava.egg-info/SOURCES.txt'
[20.330s] running build
[20.330s] running build_py
[20.331s] copying live_llava/live_llava_start.py -> /home/ubu/vlm_ws/build/live_llava/build/lib/live_llava
[20.331s] running install
[20.332s] running install_lib
[20.334s] copying /home/ubu/vlm_ws/build/live_llava/build/lib/live_llava/live_llava_start.py -> /home/ubu/vlm_ws/install/live_llava/lib/python3.10/site-packages/live_llava
[20.417s] byte-compiling /home/ubu/vlm_ws/install/live_llava/lib/python3.10/site-packages/live_llava/live_llava_start.py to live_llava_start.cpython-310.pyc
[20.418s] running install_data
[20.418s] running install_egg_info
[20.423s] removing '/home/ubu/vlm_ws/install/live_llava/lib/python3.10/site-packages/live_llava-0.0.0-py3.10.egg-info' (and everything under it)
[20.423s] Copying ../../build/live_llava/live_llava.egg-info to /home/ubu/vlm_ws/install/live_llava/lib/python3.10/site-packages/live_llava-0.0.0-py3.10.egg-info
[20.425s] running install_scripts
[20.470s] Installing vlm_dos script to /home/ubu/vlm_ws/install/live_llava/lib/live_llava
[20.471s] Installing vlm_pub script to /home/ubu/vlm_ws/install/live_llava/lib/live_llava
[20.471s] Installing vlm_start script to /home/ubu/vlm_ws/install/live_llava/lib/live_llava
[20.471s] Installing vlm_sub script to /home/ubu/vlm_ws/install/live_llava/lib/live_llava
[20.472s] writing list of installed files to '/home/ubu/vlm_ws/build/live_llava/install.log'
[20.541s] Invoked command in '/home/ubu/vlm_ws/src/live_llava' returned '0': PYTHONPATH=/home/ubu/vlm_ws/build/live_llava/prefix_override:/usr/lib/python3/dist-packages/colcon_core/task/python/colcon_distutils_commands:/home/ubu/vlm_ws/install/live_llava/lib/python3.10/site-packages:${PYTHONPATH} /usr/bin/python3 -W ignore:setup.py install is deprecated setup.py egg_info --egg-base ../../build/live_llava build --build-base /home/ubu/vlm_ws/build/live_llava/build install --record /home/ubu/vlm_ws/build/live_llava/install.log --single-version-externally-managed install_data
