[1.231s] Invoking command in '/home/ubu/ros2_caffe/src/py_pubsub': PYTHONPATH=/home/ubu/ros2_caffe/build/py_pubsub/prefix_override:/usr/lib/python3/dist-packages/colcon_core/task/python/colcon_distutils_commands:/home/ubu/ros2_caffe/install/py_pubsub/lib/python3.10/site-packages:${PYTHONPATH} /usr/bin/python3 -W ignore:setup.py install is deprecated setup.py egg_info --egg-base ../../build/py_pubsub build --build-base /home/ubu/ros2_caffe/build/py_pubsub/build install --record /home/ubu/ros2_caffe/build/py_pubsub/install.log --single-version-externally-managed install_data
[1.697s] running egg_info
[1.698s] writing ../../build/py_pubsub/py_pubsub.egg-info/PKG-INFO
[1.698s] writing dependency_links to ../../build/py_pubsub/py_pubsub.egg-info/dependency_links.txt
[1.699s] writing entry points to ../../build/py_pubsub/py_pubsub.egg-info/entry_points.txt
[1.699s] writing requirements to ../../build/py_pubsub/py_pubsub.egg-info/requires.txt
[1.699s] writing top-level names to ../../build/py_pubsub/py_pubsub.egg-info/top_level.txt
[1.703s] reading manifest file '../../build/py_pubsub/py_pubsub.egg-info/SOURCES.txt'
[1.704s] writing manifest file '../../build/py_pubsub/py_pubsub.egg-info/SOURCES.txt'
[1.704s] running build
[1.704s] running build_py
[1.705s] copying py_pubsub/caffemove.py -> /home/ubu/ros2_caffe/build/py_pubsub/build/lib/py_pubsub
[1.705s] running install
[1.706s] running install_lib
[1.707s] copying /home/ubu/ros2_caffe/build/py_pubsub/build/lib/py_pubsub/caffemove.py -> /home/ubu/ros2_caffe/install/py_pubsub/lib/python3.10/site-packages/py_pubsub
[1.709s] byte-compiling /home/ubu/ros2_caffe/install/py_pubsub/lib/python3.10/site-packages/py_pubsub/caffemove.py to caffemove.cpython-310.pyc
[1.711s] running install_data
[1.711s] running install_egg_info
[1.717s] removing '/home/ubu/ros2_caffe/install/py_pubsub/lib/python3.10/site-packages/py_pubsub-0.0.0-py3.10.egg-info' (and everything under it)
[1.717s] Copying ../../build/py_pubsub/py_pubsub.egg-info to /home/ubu/ros2_caffe/install/py_pubsub/lib/python3.10/site-packages/py_pubsub-0.0.0-py3.10.egg-info
[1.719s] running install_scripts
[1.755s] Installing listener script to /home/ubu/ros2_caffe/install/py_pubsub/lib/py_pubsub
[1.755s] Installing talker script to /home/ubu/ros2_caffe/install/py_pubsub/lib/py_pubsub
[1.756s] writing list of installed files to '/home/ubu/ros2_caffe/build/py_pubsub/install.log'
[1.808s] Invoked command in '/home/ubu/ros2_caffe/src/py_pubsub' returned '0': PYTHONPATH=/home/ubu/ros2_caffe/build/py_pubsub/prefix_override:/usr/lib/python3/dist-packages/colcon_core/task/python/colcon_distutils_commands:/home/ubu/ros2_caffe/install/py_pubsub/lib/python3.10/site-packages:${PYTHONPATH} /usr/bin/python3 -W ignore:setup.py install is deprecated setup.py egg_info --egg-base ../../build/py_pubsub build --build-base /home/ubu/ros2_caffe/build/py_pubsub/build install --record /home/ubu/ros2_caffe/build/py_pubsub/install.log --single-version-externally-managed install_data
